2019-08-02T21:23:43+00:00 CRITICAL Uncaught InvalidArgumentException: File "prueba.xlsx" does not exist. in D:\wamp64\www\tugruero\vendor\phpoffice\phpspreadsheet\src\PhpSpreadsheet\Shared\File.php:137
Stack trace:
#0 D:\wamp64\www\tugruero\vendor\phpoffice\phpspreadsheet\src\PhpSpreadsheet\IOFactory.php(128): PhpOffice\PhpSpreadsheet\Shared\File::assertFile('prueba.xlsx')
#1 D:\wamp64\www\tugruero\vendor\phpoffice\phpspreadsheet\src\PhpSpreadsheet\IOFactory.php(93): PhpOffice\PhpSpreadsheet\IOFactory::createReaderForFile('prueba.xlsx')
#2 D:\wamp64\www\tugruero\wp-content\plugins\migrarcupon\migrarcupon.php(26): PhpOffice\PhpSpreadsheet\IOFactory::load('prueba.xlsx')
#3 D:\wamp64\www\tugruero\wp-includes\class-wp-hook.php(286): lwcupon_migrate('')
#4 D:\wamp64\www\tugruero\wp-includes\class-wp-hook.php(310): WP_Hook->apply_filters('', Array)
#5 D:\wamp64\www\tugruero\wp-includes\plugin.php(465): WP_Hook->do_action(Array)
#6 D:\wamp64\www\tugruero\wp-admin\admin.php(253): do_action('settings_page_l...')
#7 D:\wamp64\www\tugruero\wp-admin\optio en D:\wamp64\www\tugruero\vendor\phpoffice\phpspreadsheet\src\PhpSpreadsheet\Shared\File.php en la línea 137

2019-08-02T21:24:21+00:00 CRITICAL Uncaught InvalidArgumentException: File "wp-content/plugins/migrarcupon/prueba.xlsx" does not exist. in D:\wamp64\www\tugruero\vendor\phpoffice\phpspreadsheet\src\PhpSpreadsheet\Shared\File.php:137
Stack trace:
#0 D:\wamp64\www\tugruero\vendor\phpoffice\phpspreadsheet\src\PhpSpreadsheet\IOFactory.php(128): PhpOffice\PhpSpreadsheet\Shared\File::assertFile('wp-content/plug...')
#1 D:\wamp64\www\tugruero\vendor\phpoffice\phpspreadsheet\src\PhpSpreadsheet\IOFactory.php(93): PhpOffice\PhpSpreadsheet\IOFactory::createReaderForFile('wp-content/plug...')
#2 D:\wamp64\www\tugruero\wp-content\plugins\migrarcupon\migrarcupon.php(26): PhpOffice\PhpSpreadsheet\IOFactory::load('wp-content/plug...')
#3 D:\wamp64\www\tugruero\wp-includes\class-wp-hook.php(286): lwcupon_migrate('')
#4 D:\wamp64\www\tugruero\wp-includes\class-wp-hook.php(310): WP_Hook->apply_filters('', Array)
#5 D:\wamp64\www\tugruero\wp-includes\plugin.php(465): WP_Hook->do_action(Array)
#6 D:\wamp64\www\tugruero\wp-admin\admin.php(253): do_action('settings_ en D:\wamp64\www\tugruero\vendor\phpoffice\phpspreadsheet\src\PhpSpreadsheet\Shared\File.php en la línea 137

2019-08-02T21:24:55+00:00 CRITICAL Uncaught InvalidArgumentException: File "prueba.xlsx" does not exist. in D:\wamp64\www\tugruero\vendor\phpoffice\phpspreadsheet\src\PhpSpreadsheet\Shared\File.php:137
Stack trace:
#0 D:\wamp64\www\tugruero\vendor\phpoffice\phpspreadsheet\src\PhpSpreadsheet\IOFactory.php(128): PhpOffice\PhpSpreadsheet\Shared\File::assertFile('prueba.xlsx')
#1 D:\wamp64\www\tugruero\vendor\phpoffice\phpspreadsheet\src\PhpSpreadsheet\IOFactory.php(93): PhpOffice\PhpSpreadsheet\IOFactory::createReaderForFile('prueba.xlsx')
#2 D:\wamp64\www\tugruero\wp-content\plugins\migrarcupon\migrarcupon.php(26): PhpOffice\PhpSpreadsheet\IOFactory::load('prueba.xlsx')
#3 D:\wamp64\www\tugruero\wp-includes\class-wp-hook.php(286): lwcupon_migrate('')
#4 D:\wamp64\www\tugruero\wp-includes\class-wp-hook.php(310): WP_Hook->apply_filters('', Array)
#5 D:\wamp64\www\tugruero\wp-includes\plugin.php(465): WP_Hook->do_action(Array)
#6 D:\wamp64\www\tugruero\wp-admin\admin.php(253): do_action('settings_page_l...')
#7 D:\wamp64\www\tugruero\wp-admin\optio en D:\wamp64\www\tugruero\vendor\phpoffice\phpspreadsheet\src\PhpSpreadsheet\Shared\File.php en la línea 137

2019-08-02T21:29:39+00:00 CRITICAL Uncaught InvalidArgumentException: File "D:\wamp64\www\tugruero\wp-content\plugins\migrarcuponprueba.xlsx" does not exist. in D:\wamp64\www\tugruero\vendor\phpoffice\phpspreadsheet\src\PhpSpreadsheet\Shared\File.php:137
Stack trace:
#0 D:\wamp64\www\tugruero\vendor\phpoffice\phpspreadsheet\src\PhpSpreadsheet\IOFactory.php(128): PhpOffice\PhpSpreadsheet\Shared\File::assertFile('D:\\wamp64\\www\\t...')
#1 D:\wamp64\www\tugruero\vendor\phpoffice\phpspreadsheet\src\PhpSpreadsheet\IOFactory.php(93): PhpOffice\PhpSpreadsheet\IOFactory::createReaderForFile('D:\\wamp64\\www\\t...')
#2 D:\wamp64\www\tugruero\wp-content\plugins\migrarcupon\migrarcupon.php(26): PhpOffice\PhpSpreadsheet\IOFactory::load('D:\\wamp64\\www\\t...')
#3 D:\wamp64\www\tugruero\wp-includes\class-wp-hook.php(286): lwcupon_migrate('')
#4 D:\wamp64\www\tugruero\wp-includes\class-wp-hook.php(310): WP_Hook->apply_filters('', Array)
#5 D:\wamp64\www\tugruero\wp-includes\plugin.php(465): WP_Hook->do_action(Array)
#6 D:\wamp64\www\tugruero\wp-admin\admin en D:\wamp64\www\tugruero\vendor\phpoffice\phpspreadsheet\src\PhpSpreadsheet\Shared\File.php en la línea 137

