2019-05-29T15:37:29+00:00 CRITICAL Uncaught Error: Call to undefined function add_option_page() in D:\wamp64\www\tugruero\wp-content\plugins\woo-doc\woo-doc.php:16
Stack trace:
#0 D:\wamp64\www\tugruero\wp-includes\class-wp-hook.php(286): lwc_opciones_admin('')
#1 D:\wamp64\www\tugruero\wp-includes\class-wp-hook.php(310): WP_Hook->apply_filters(NULL, Array)
#2 D:\wamp64\www\tugruero\wp-includes\plugin.php(465): WP_Hook->do_action(Array)
#3 D:\wamp64\www\tugruero\wp-admin\includes\menu.php(154): do_action('admin_menu', '')
#4 D:\wamp64\www\tugruero\wp-admin\menu.php(308): require_once('D:\\wamp64\\www\\t...')
#5 D:\wamp64\www\tugruero\wp-admin\admin.php(152): require('D:\\wamp64\\www\\t...')
#6 D:\wamp64\www\tugruero\wp-admin\plugins.php(10): require_once('D:\\wamp64\\www\\t...')
#7 {main}
  thrown en D:\wamp64\www\tugruero\wp-content\plugins\woo-doc\woo-doc.php en la línea 16

2019-05-29T15:40:53+00:00 CRITICAL Uncaught Error: Call to undefined function add_option_page() in D:\wamp64\www\tugruero\wp-content\plugins\woo-doc\woo-doc.php:16
Stack trace:
#0 D:\wamp64\www\tugruero\wp-includes\class-wp-hook.php(286): lwc_opciones_admin('')
#1 D:\wamp64\www\tugruero\wp-includes\class-wp-hook.php(310): WP_Hook->apply_filters(NULL, Array)
#2 D:\wamp64\www\tugruero\wp-includes\plugin.php(465): WP_Hook->do_action(Array)
#3 D:\wamp64\www\tugruero\wp-admin\includes\menu.php(154): do_action('admin_menu', '')
#4 D:\wamp64\www\tugruero\wp-admin\menu.php(308): require_once('D:\\wamp64\\www\\t...')
#5 D:\wamp64\www\tugruero\wp-admin\admin.php(152): require('D:\\wamp64\\www\\t...')
#6 D:\wamp64\www\tugruero\wp-admin\plugins.php(10): require_once('D:\\wamp64\\www\\t...')
#7 {main}
  thrown en D:\wamp64\www\tugruero\wp-content\plugins\woo-doc\woo-doc.php en la línea 16

2019-05-29T16:24:09+00:00 CRITICAL Uncaught Error: Call to undefined method WC_Order::get_orders() in D:\wamp64\www\tugruero\wp-content\plugins\woo-doc\woo-doc.php:30
Stack trace:
#0 D:\wamp64\www\tugruero\wp-includes\class-wp-hook.php(286): registrar_campos_admin('')
#1 D:\wamp64\www\tugruero\wp-includes\class-wp-hook.php(310): WP_Hook->apply_filters(NULL, Array)
#2 D:\wamp64\www\tugruero\wp-includes\plugin.php(465): WP_Hook->do_action(Array)
#3 D:\wamp64\www\tugruero\wp-admin\admin-ajax.php(45): do_action('admin_init')
#4 {main}
  thrown en D:\wamp64\www\tugruero\wp-content\plugins\woo-doc\woo-doc.php en la línea 30

2019-05-29T16:24:12+00:00 CRITICAL Uncaught Error: Call to undefined method WC_Order::get_orders() in D:\wamp64\www\tugruero\wp-content\plugins\woo-doc\woo-doc.php:30
Stack trace:
#0 D:\wamp64\www\tugruero\wp-includes\class-wp-hook.php(286): registrar_campos_admin('')
#1 D:\wamp64\www\tugruero\wp-includes\class-wp-hook.php(310): WP_Hook->apply_filters(NULL, Array)
#2 D:\wamp64\www\tugruero\wp-includes\plugin.php(465): WP_Hook->do_action(Array)
#3 D:\wamp64\www\tugruero\wp-admin\admin.php(169): do_action('admin_init')
#4 D:\wamp64\www\tugruero\wp-admin\options-general.php(10): require_once('D:\\wamp64\\www\\t...')
#5 {main}
  thrown en D:\wamp64\www\tugruero\wp-content\plugins\woo-doc\woo-doc.php en la línea 30

2019-05-29T20:15:23+00:00 CRITICAL Uncaught Exception: Pedido no válido. in D:\wamp64\www\tugruero\wp-content\plugins\woocommerce\includes\data-stores\abstract-wc-order-data-store-cpt.php:101
Stack trace:
#0 D:\wamp64\www\tugruero\wp-content\plugins\woocommerce\includes\class-wc-data-store.php(159): Abstract_WC_Order_Data_Store_CPT->read(Object(WC_Order))
#1 D:\wamp64\www\tugruero\wp-content\plugins\woocommerce\includes\abstracts\abstract-wc-order.php(111): WC_Data_Store->read(Object(WC_Order))
#2 D:\wamp64\www\tugruero\wp-content\plugins\woo-doc\woo-doc.php(24): WC_Abstract_Order->__construct('12')
#3 D:\wamp64\www\tugruero\wp-includes\class-wp-hook.php(286): lwc_get_opciones_de_admin('')
#4 D:\wamp64\www\tugruero\wp-includes\class-wp-hook.php(310): WP_Hook->apply_filters('', Array)
#5 D:\wamp64\www\tugruero\wp-includes\plugin.php(465): WP_Hook->do_action(Array)
#6 D:\wamp64\www\tugruero\wp-admin\admin.php(253): do_action('settings_page_l...')
#7 D:\wamp64\www\tugruero\wp-admin\options-general.php(10): require_once('D:\\wamp64\\www\\t...')
# en D:\wamp64\www\tugruero\wp-content\plugins\woocommerce\includes\data-stores\abstract-wc-order-data-store-cpt.php en la línea 101

2019-05-29T20:15:32+00:00 CRITICAL Uncaught Exception: Pedido no válido. in D:\wamp64\www\tugruero\wp-content\plugins\woocommerce\includes\data-stores\abstract-wc-order-data-store-cpt.php:101
Stack trace:
#0 D:\wamp64\www\tugruero\wp-content\plugins\woocommerce\includes\class-wc-data-store.php(159): Abstract_WC_Order_Data_Store_CPT->read(Object(WC_Order))
#1 D:\wamp64\www\tugruero\wp-content\plugins\woocommerce\includes\abstracts\abstract-wc-order.php(111): WC_Data_Store->read(Object(WC_Order))
#2 D:\wamp64\www\tugruero\wp-content\plugins\woo-doc\woo-doc.php(24): WC_Abstract_Order->__construct('12')
#3 D:\wamp64\www\tugruero\wp-includes\class-wp-hook.php(286): lwc_get_opciones_de_admin('')
#4 D:\wamp64\www\tugruero\wp-includes\class-wp-hook.php(310): WP_Hook->apply_filters('', Array)
#5 D:\wamp64\www\tugruero\wp-includes\plugin.php(465): WP_Hook->do_action(Array)
#6 D:\wamp64\www\tugruero\wp-admin\admin.php(253): do_action('settings_page_l...')
#7 D:\wamp64\www\tugruero\wp-admin\options-general.php(10): require_once('D:\\wamp64\\www\\t...')
# en D:\wamp64\www\tugruero\wp-content\plugins\woocommerce\includes\data-stores\abstract-wc-order-data-store-cpt.php en la línea 101

