2019-09-24T12:14:17+00:00 CRITICAL Uncaught Exception: Pedido no válido. in /var/www/html/tugruero/wp-content/plugins/woocommerce/includes/data-stores/abstract-wc-order-data-store-cpt.php:101
Stack trace:
#0 /var/www/html/tugruero/wp-content/plugins/woocommerce/includes/class-wc-data-store.php(159): Abstract_WC_Order_Data_Store_CPT->read(Object(WC_Order))
#1 /var/www/html/tugruero/wp-content/plugins/woocommerce/includes/abstracts/abstract-wc-order.php(111): WC_Data_Store->read(Object(WC_Order))
#2 /var/www/html/tugruero/wp-content/plugins/woo-doc/woo-doc.php(25): WC_Abstract_Order->__construct('3184')
#3 /var/www/html/tugruero/wp-includes/class-wp-hook.php(286): lwc_get_opciones_de_admin('')
#4 /var/www/html/tugruero/wp-includes/class-wp-hook.php(310): WP_Hook->apply_filters('', Array)
#5 /var/www/html/tugruero/wp-includes/plugin.php(465): WP_Hook->do_action(Array)
#6 /var/www/html/tugruero/wp-admin/admin.php(253): do_action('settings_page_l...')
#7 /var/www/html/tugruero/wp-admin/options-general.php(10): require_once('/var/www/html/t...')
#8 en /var/www/html/tugruero/wp-content/plugins/woocommerce/includes/data-stores/abstract-wc-order-data-store-cpt.php en la línea 101

2019-09-24T12:14:33+00:00 CRITICAL Uncaught Exception: Pedido no válido. in /var/www/html/tugruero/wp-content/plugins/woocommerce/includes/data-stores/abstract-wc-order-data-store-cpt.php:101
Stack trace:
#0 /var/www/html/tugruero/wp-content/plugins/woocommerce/includes/class-wc-data-store.php(159): Abstract_WC_Order_Data_Store_CPT->read(Object(WC_Order))
#1 /var/www/html/tugruero/wp-content/plugins/woocommerce/includes/abstracts/abstract-wc-order.php(111): WC_Data_Store->read(Object(WC_Order))
#2 /var/www/html/tugruero/wp-content/plugins/woo-doc/woo-doc.php(25): WC_Abstract_Order->__construct('3184')
#3 /var/www/html/tugruero/wp-includes/class-wp-hook.php(286): lwc_get_opciones_de_admin('')
#4 /var/www/html/tugruero/wp-includes/class-wp-hook.php(310): WP_Hook->apply_filters('', Array)
#5 /var/www/html/tugruero/wp-includes/plugin.php(465): WP_Hook->do_action(Array)
#6 /var/www/html/tugruero/wp-admin/admin.php(253): do_action('settings_page_l...')
#7 /var/www/html/tugruero/wp-admin/options-general.php(10): require_once('/var/www/html/t...')
#8 en /var/www/html/tugruero/wp-content/plugins/woocommerce/includes/data-stores/abstract-wc-order-data-store-cpt.php en la línea 101

2019-09-24T12:14:45+00:00 CRITICAL Uncaught Exception: Pedido no válido. in /var/www/html/tugruero/wp-content/plugins/woocommerce/includes/data-stores/abstract-wc-order-data-store-cpt.php:101
Stack trace:
#0 /var/www/html/tugruero/wp-content/plugins/woocommerce/includes/class-wc-data-store.php(159): Abstract_WC_Order_Data_Store_CPT->read(Object(WC_Order))
#1 /var/www/html/tugruero/wp-content/plugins/woocommerce/includes/abstracts/abstract-wc-order.php(111): WC_Data_Store->read(Object(WC_Order))
#2 /var/www/html/tugruero/wp-content/plugins/woo-doc/woo-doc.php(25): WC_Abstract_Order->__construct('3204')
#3 /var/www/html/tugruero/wp-includes/class-wp-hook.php(286): lwc_get_opciones_de_admin('')
#4 /var/www/html/tugruero/wp-includes/class-wp-hook.php(310): WP_Hook->apply_filters('', Array)
#5 /var/www/html/tugruero/wp-includes/plugin.php(465): WP_Hook->do_action(Array)
#6 /var/www/html/tugruero/wp-admin/admin.php(253): do_action('settings_page_l...')
#7 /var/www/html/tugruero/wp-admin/options-general.php(10): require_once('/var/www/html/t...')
#8 en /var/www/html/tugruero/wp-content/plugins/woocommerce/includes/data-stores/abstract-wc-order-data-store-cpt.php en la línea 101

2019-09-24T12:16:03+00:00 CRITICAL Uncaught Exception: Pedido no válido. in /var/www/html/tugruero/wp-content/plugins/woocommerce/includes/data-stores/abstract-wc-order-data-store-cpt.php:101
Stack trace:
#0 /var/www/html/tugruero/wp-content/plugins/woocommerce/includes/class-wc-data-store.php(159): Abstract_WC_Order_Data_Store_CPT->read(Object(WC_Order))
#1 /var/www/html/tugruero/wp-content/plugins/woocommerce/includes/abstracts/abstract-wc-order.php(111): WC_Data_Store->read(Object(WC_Order))
#2 /var/www/html/tugruero/wp-content/plugins/woo-doc/woo-doc.php(25): WC_Abstract_Order->__construct('3204')
#3 /var/www/html/tugruero/wp-includes/class-wp-hook.php(286): lwc_get_opciones_de_admin('')
#4 /var/www/html/tugruero/wp-includes/class-wp-hook.php(310): WP_Hook->apply_filters('', Array)
#5 /var/www/html/tugruero/wp-includes/plugin.php(465): WP_Hook->do_action(Array)
#6 /var/www/html/tugruero/wp-admin/admin.php(253): do_action('settings_page_l...')
#7 /var/www/html/tugruero/wp-admin/options-general.php(10): require_once('/var/www/html/t...')
#8 en /var/www/html/tugruero/wp-content/plugins/woocommerce/includes/data-stores/abstract-wc-order-data-store-cpt.php en la línea 101

2019-09-24T12:17:59+00:00 CRITICAL Uncaught Exception: Pedido no válido. in /var/www/html/tugruero/wp-content/plugins/woocommerce/includes/data-stores/abstract-wc-order-data-store-cpt.php:101
Stack trace:
#0 /var/www/html/tugruero/wp-content/plugins/woocommerce/includes/class-wc-data-store.php(159): Abstract_WC_Order_Data_Store_CPT->read(Object(WC_Order))
#1 /var/www/html/tugruero/wp-content/plugins/woocommerce/includes/abstracts/abstract-wc-order.php(111): WC_Data_Store->read(Object(WC_Order))
#2 /var/www/html/tugruero/wp-content/plugins/woo-doc/woo-doc.php(25): WC_Abstract_Order->__construct('3204')
#3 /var/www/html/tugruero/wp-includes/class-wp-hook.php(286): lwc_get_opciones_de_admin('')
#4 /var/www/html/tugruero/wp-includes/class-wp-hook.php(310): WP_Hook->apply_filters('', Array)
#5 /var/www/html/tugruero/wp-includes/plugin.php(465): WP_Hook->do_action(Array)
#6 /var/www/html/tugruero/wp-admin/admin.php(253): do_action('settings_page_l...')
#7 /var/www/html/tugruero/wp-admin/options-general.php(10): require_once('/var/www/html/t...')
#8 en /var/www/html/tugruero/wp-content/plugins/woocommerce/includes/data-stores/abstract-wc-order-data-store-cpt.php en la línea 101

2019-09-24T12:18:57+00:00 CRITICAL Uncaught Exception: Pedido no válido. in /var/www/html/tugruero/wp-content/plugins/woocommerce/includes/data-stores/abstract-wc-order-data-store-cpt.php:101
Stack trace:
#0 /var/www/html/tugruero/wp-content/plugins/woocommerce/includes/class-wc-data-store.php(159): Abstract_WC_Order_Data_Store_CPT->read(Object(WC_Order))
#1 /var/www/html/tugruero/wp-content/plugins/woocommerce/includes/abstracts/abstract-wc-order.php(111): WC_Data_Store->read(Object(WC_Order))
#2 /var/www/html/tugruero/wp-content/plugins/woo-doc/woo-doc.php(25): WC_Abstract_Order->__construct('3184')
#3 /var/www/html/tugruero/wp-includes/class-wp-hook.php(286): lwc_get_opciones_de_admin('')
#4 /var/www/html/tugruero/wp-includes/class-wp-hook.php(310): WP_Hook->apply_filters('', Array)
#5 /var/www/html/tugruero/wp-includes/plugin.php(465): WP_Hook->do_action(Array)
#6 /var/www/html/tugruero/wp-admin/admin.php(253): do_action('settings_page_l...')
#7 /var/www/html/tugruero/wp-admin/options-general.php(10): require_once('/var/www/html/t...')
#8 en /var/www/html/tugruero/wp-content/plugins/woocommerce/includes/data-stores/abstract-wc-order-data-store-cpt.php en la línea 101

2019-09-24T12:20:33+00:00 CRITICAL Uncaught Exception: Pedido no válido. in /var/www/html/tugruero/wp-content/plugins/woocommerce/includes/data-stores/abstract-wc-order-data-store-cpt.php:101
Stack trace:
#0 /var/www/html/tugruero/wp-content/plugins/woocommerce/includes/class-wc-data-store.php(159): Abstract_WC_Order_Data_Store_CPT->read(Object(WC_Order))
#1 /var/www/html/tugruero/wp-content/plugins/woocommerce/includes/abstracts/abstract-wc-order.php(111): WC_Data_Store->read(Object(WC_Order))
#2 /var/www/html/tugruero/wp-content/plugins/woo-doc/woo-doc.php(25): WC_Abstract_Order->__construct('3184')
#3 /var/www/html/tugruero/wp-includes/class-wp-hook.php(286): lwc_get_opciones_de_admin('')
#4 /var/www/html/tugruero/wp-includes/class-wp-hook.php(310): WP_Hook->apply_filters('', Array)
#5 /var/www/html/tugruero/wp-includes/plugin.php(465): WP_Hook->do_action(Array)
#6 /var/www/html/tugruero/wp-admin/admin.php(253): do_action('settings_page_l...')
#7 /var/www/html/tugruero/wp-admin/options-general.php(10): require_once('/var/www/html/t...')
#8 en /var/www/html/tugruero/wp-content/plugins/woocommerce/includes/data-stores/abstract-wc-order-data-store-cpt.php en la línea 101

2019-09-24T17:58:06+00:00 CRITICAL Uncaught Exception: Pedido no válido. in /var/www/html/tugruero/wp-content/plugins/woocommerce/includes/data-stores/abstract-wc-order-data-store-cpt.php:101
Stack trace:
#0 /var/www/html/tugruero/wp-content/plugins/woocommerce/includes/class-wc-data-store.php(159): Abstract_WC_Order_Data_Store_CPT->read(Object(WC_Order))
#1 /var/www/html/tugruero/wp-content/plugins/woocommerce/includes/abstracts/abstract-wc-order.php(111): WC_Data_Store->read(Object(WC_Order))
#2 /var/www/html/tugruero/wp-content/plugins/woo-doc/woo-doc.php(25): WC_Abstract_Order->__construct('3184')
#3 /var/www/html/tugruero/wp-includes/class-wp-hook.php(286): lwc_get_opciones_de_admin('')
#4 /var/www/html/tugruero/wp-includes/class-wp-hook.php(310): WP_Hook->apply_filters('', Array)
#5 /var/www/html/tugruero/wp-includes/plugin.php(465): WP_Hook->do_action(Array)
#6 /var/www/html/tugruero/wp-admin/admin.php(253): do_action('settings_page_l...')
#7 /var/www/html/tugruero/wp-admin/options-general.php(10): require_once('/var/www/html/t...')
#8 en /var/www/html/tugruero/wp-content/plugins/woocommerce/includes/data-stores/abstract-wc-order-data-store-cpt.php en la línea 101

2019-09-24T22:00:58+00:00 CRITICAL Uncaught Exception: Pedido no válido. in /var/www/html/tugruero/wp-content/plugins/woocommerce/includes/data-stores/abstract-wc-order-data-store-cpt.php:101
Stack trace:
#0 /var/www/html/tugruero/wp-content/plugins/woocommerce/includes/class-wc-data-store.php(159): Abstract_WC_Order_Data_Store_CPT->read(Object(WC_Order))
#1 /var/www/html/tugruero/wp-content/plugins/woocommerce/includes/abstracts/abstract-wc-order.php(111): WC_Data_Store->read(Object(WC_Order))
#2 /var/www/html/tugruero/wp-content/plugins/woo-doc/woo-doc.php(25): WC_Abstract_Order->__construct('1450')
#3 /var/www/html/tugruero/wp-includes/class-wp-hook.php(286): lwc_get_opciones_de_admin('')
#4 /var/www/html/tugruero/wp-includes/class-wp-hook.php(310): WP_Hook->apply_filters('', Array)
#5 /var/www/html/tugruero/wp-includes/plugin.php(465): WP_Hook->do_action(Array)
#6 /var/www/html/tugruero/wp-admin/admin.php(253): do_action('settings_page_l...')
#7 /var/www/html/tugruero/wp-admin/options-general.php(10): require_once('/var/www/html/t...')
#8 en /var/www/html/tugruero/wp-content/plugins/woocommerce/includes/data-stores/abstract-wc-order-data-store-cpt.php en la línea 101

2019-09-24T22:01:10+00:00 CRITICAL Uncaught Exception: Pedido no válido. in /var/www/html/tugruero/wp-content/plugins/woocommerce/includes/data-stores/abstract-wc-order-data-store-cpt.php:101
Stack trace:
#0 /var/www/html/tugruero/wp-content/plugins/woocommerce/includes/class-wc-data-store.php(159): Abstract_WC_Order_Data_Store_CPT->read(Object(WC_Order))
#1 /var/www/html/tugruero/wp-content/plugins/woocommerce/includes/abstracts/abstract-wc-order.php(111): WC_Data_Store->read(Object(WC_Order))
#2 /var/www/html/tugruero/wp-content/plugins/woo-doc/woo-doc.php(25): WC_Abstract_Order->__construct('3216')
#3 /var/www/html/tugruero/wp-includes/class-wp-hook.php(286): lwc_get_opciones_de_admin('')
#4 /var/www/html/tugruero/wp-includes/class-wp-hook.php(310): WP_Hook->apply_filters('', Array)
#5 /var/www/html/tugruero/wp-includes/plugin.php(465): WP_Hook->do_action(Array)
#6 /var/www/html/tugruero/wp-admin/admin.php(253): do_action('settings_page_l...')
#7 /var/www/html/tugruero/wp-admin/options-general.php(10): require_once('/var/www/html/t...')
#8 en /var/www/html/tugruero/wp-content/plugins/woocommerce/includes/data-stores/abstract-wc-order-data-store-cpt.php en la línea 101

