2019-10-22T18:14:16+00:00 CRITICAL Uncaught InvalidArgumentException: File "/var/www/html/tugruero/wp-content/plugins/migrarcupon/files/2019102206141520.xlsx" does not exist. in /var/www/html/tugruero/vendor/phpoffice/phpspreadsheet/src/PhpSpreadsheet/Shared/File.php:137
Stack trace:
#0 /var/www/html/tugruero/vendor/phpoffice/phpspreadsheet/src/PhpSpreadsheet/IOFactory.php(128): PhpOffice\PhpSpreadsheet\Shared\File::assertFile('/var/www/html/t...')
#1 /var/www/html/tugruero/vendor/phpoffice/phpspreadsheet/src/PhpSpreadsheet/IOFactory.php(93): PhpOffice\PhpSpreadsheet\IOFactory::createReaderForFile('/var/www/html/t...')
#2 /var/www/html/tugruero/wp-content/plugins/migrarcupon/migrarcupon.php(30): PhpOffice\PhpSpreadsheet\IOFactory::load('/var/www/html/t...')
#3 /var/www/html/tugruero/wp-includes/class-wp-hook.php(286): lwcupon_migrate('')
#4 /var/www/html/tugruero/wp-includes/class-wp-hook.php(310): WP_Hook->apply_filters('', Array)
#5 /var/www/html/tugruero/wp-includes/plugin.php(465): WP_Hook->do_action(Array)
#6 /var/www/html/tugruero/wp-adm en /var/www/html/tugruero/vendor/phpoffice/phpspreadsheet/src/PhpSpreadsheet/Shared/File.php en la línea 137

2019-10-22T18:14:52+00:00 CRITICAL Uncaught InvalidArgumentException: File "/var/www/html/tugruero/wp-content/plugins/migrarcupon/files/201910220614508.xlsx" does not exist. in /var/www/html/tugruero/vendor/phpoffice/phpspreadsheet/src/PhpSpreadsheet/Shared/File.php:137
Stack trace:
#0 /var/www/html/tugruero/vendor/phpoffice/phpspreadsheet/src/PhpSpreadsheet/IOFactory.php(128): PhpOffice\PhpSpreadsheet\Shared\File::assertFile('/var/www/html/t...')
#1 /var/www/html/tugruero/vendor/phpoffice/phpspreadsheet/src/PhpSpreadsheet/IOFactory.php(93): PhpOffice\PhpSpreadsheet\IOFactory::createReaderForFile('/var/www/html/t...')
#2 /var/www/html/tugruero/wp-content/plugins/migrarcupon/migrarcupon.php(30): PhpOffice\PhpSpreadsheet\IOFactory::load('/var/www/html/t...')
#3 /var/www/html/tugruero/wp-includes/class-wp-hook.php(286): lwcupon_migrate('')
#4 /var/www/html/tugruero/wp-includes/class-wp-hook.php(310): WP_Hook->apply_filters('', Array)
#5 /var/www/html/tugruero/wp-includes/plugin.php(465): WP_Hook->do_action(Array)
#6 /var/www/html/tugruero/wp-admi en /var/www/html/tugruero/vendor/phpoffice/phpspreadsheet/src/PhpSpreadsheet/Shared/File.php en la línea 137

2019-10-22T18:23:03+00:00 CRITICAL Uncaught InvalidArgumentException: File "/var/www/html/tugruero/wp-content/plugins/migrarcupon/files/2019102206230156.xlsx" does not exist. in /var/www/html/tugruero/vendor/phpoffice/phpspreadsheet/src/PhpSpreadsheet/Shared/File.php:137
Stack trace:
#0 /var/www/html/tugruero/vendor/phpoffice/phpspreadsheet/src/PhpSpreadsheet/IOFactory.php(128): PhpOffice\PhpSpreadsheet\Shared\File::assertFile('/var/www/html/t...')
#1 /var/www/html/tugruero/vendor/phpoffice/phpspreadsheet/src/PhpSpreadsheet/IOFactory.php(93): PhpOffice\PhpSpreadsheet\IOFactory::createReaderForFile('/var/www/html/t...')
#2 /var/www/html/tugruero/wp-content/plugins/migrarcupon/migrarcupon.php(30): PhpOffice\PhpSpreadsheet\IOFactory::load('/var/www/html/t...')
#3 /var/www/html/tugruero/wp-includes/class-wp-hook.php(286): lwcupon_migrate('')
#4 /var/www/html/tugruero/wp-includes/class-wp-hook.php(310): WP_Hook->apply_filters('', Array)
#5 /var/www/html/tugruero/wp-includes/plugin.php(465): WP_Hook->do_action(Array)
#6 /var/www/html/tugruero/wp-adm en /var/www/html/tugruero/vendor/phpoffice/phpspreadsheet/src/PhpSpreadsheet/Shared/File.php en la línea 137

2019-10-22T18:47:26+00:00 CRITICAL Uncaught InvalidArgumentException: File "/var/www/html/tugruero/wp-content/plugins/migrarcupon/files/2019102206472668.xlsx" does not exist. in /var/www/html/tugruero/vendor/phpoffice/phpspreadsheet/src/PhpSpreadsheet/Shared/File.php:137
Stack trace:
#0 /var/www/html/tugruero/vendor/phpoffice/phpspreadsheet/src/PhpSpreadsheet/IOFactory.php(128): PhpOffice\PhpSpreadsheet\Shared\File::assertFile('/var/www/html/t...')
#1 /var/www/html/tugruero/vendor/phpoffice/phpspreadsheet/src/PhpSpreadsheet/IOFactory.php(93): PhpOffice\PhpSpreadsheet\IOFactory::createReaderForFile('/var/www/html/t...')
#2 /var/www/html/tugruero/wp-content/plugins/migrarcupon/migrarcupon.php(30): PhpOffice\PhpSpreadsheet\IOFactory::load('/var/www/html/t...')
#3 /var/www/html/tugruero/wp-includes/class-wp-hook.php(286): lwcupon_migrate('')
#4 /var/www/html/tugruero/wp-includes/class-wp-hook.php(310): WP_Hook->apply_filters('', Array)
#5 /var/www/html/tugruero/wp-includes/plugin.php(465): WP_Hook->do_action(Array)
#6 /var/www/html/tugruero/wp-adm en /var/www/html/tugruero/vendor/phpoffice/phpspreadsheet/src/PhpSpreadsheet/Shared/File.php en la línea 137

