2019-04-19T01:34:32+00:00 CRITICAL Uncaught Error: Call to undefined method WC_Product_Simple::precio_anterior_bs() in /home/fidel/public_html/tugruero/wp-content/themes/tugruero/index.php:79
Stack trace:
#0 /home/fidel/public_html/tugruero/wp-includes/template-loader.php(77): include()
#1 /home/fidel/public_html/tugruero/wp-blog-header.php(19): require_once('/home/fidel/pub...')
#2 /home/fidel/public_html/tugruero/index.php(17): require('/home/fidel/pub...')
#3 {main}
  thrown en /home/fidel/public_html/tugruero/wp-content/themes/tugruero/index.php en la línea 79

2019-04-19T01:34:34+00:00 CRITICAL Uncaught Error: Call to undefined method WC_Product_Simple::precio_anterior_bs() in /home/fidel/public_html/tugruero/wp-content/themes/tugruero/index.php:79
Stack trace:
#0 /home/fidel/public_html/tugruero/wp-includes/template-loader.php(77): include()
#1 /home/fidel/public_html/tugruero/wp-blog-header.php(19): require_once('/home/fidel/pub...')
#2 /home/fidel/public_html/tugruero/index.php(17): require('/home/fidel/pub...')
#3 {main}
  thrown en /home/fidel/public_html/tugruero/wp-content/themes/tugruero/index.php en la línea 79

2019-04-19T01:34:44+00:00 CRITICAL Uncaught Error: Call to undefined method WC_Product_Simple::get_precio_anterior_bs() in /home/fidel/public_html/tugruero/wp-content/themes/tugruero/index.php:79
Stack trace:
#0 /home/fidel/public_html/tugruero/wp-includes/template-loader.php(77): include()
#1 /home/fidel/public_html/tugruero/wp-blog-header.php(19): require_once('/home/fidel/pub...')
#2 /home/fidel/public_html/tugruero/index.php(17): require('/home/fidel/pub...')
#3 {main}
  thrown en /home/fidel/public_html/tugruero/wp-content/themes/tugruero/index.php en la línea 79

2019-04-19T01:34:46+00:00 CRITICAL Uncaught Error: Call to undefined method WC_Product_Simple::get_precio_anterior_bs() in /home/fidel/public_html/tugruero/wp-content/themes/tugruero/index.php:79
Stack trace:
#0 /home/fidel/public_html/tugruero/wp-includes/template-loader.php(77): include()
#1 /home/fidel/public_html/tugruero/wp-blog-header.php(19): require_once('/home/fidel/pub...')
#2 /home/fidel/public_html/tugruero/index.php(17): require('/home/fidel/pub...')
#3 {main}
  thrown en /home/fidel/public_html/tugruero/wp-content/themes/tugruero/index.php en la línea 79

2019-04-19T01:35:54+00:00 CRITICAL Uncaught Error: Call to undefined method WC_Product_Simple::get_precio_anterior_bs() in /home/fidel/public_html/tugruero/wp-content/themes/tugruero/index.php:78
Stack trace:
#0 /home/fidel/public_html/tugruero/wp-includes/template-loader.php(77): include()
#1 /home/fidel/public_html/tugruero/wp-blog-header.php(19): require_once('/home/fidel/pub...')
#2 /home/fidel/public_html/tugruero/index.php(17): require('/home/fidel/pub...')
#3 {main}
  thrown en /home/fidel/public_html/tugruero/wp-content/themes/tugruero/index.php en la línea 78

2019-04-19T01:35:57+00:00 CRITICAL Uncaught Error: Call to undefined method WC_Product_Simple::get_precio_anterior_bs() in /home/fidel/public_html/tugruero/wp-content/themes/tugruero/index.php:78
Stack trace:
#0 /home/fidel/public_html/tugruero/wp-includes/template-loader.php(77): include()
#1 /home/fidel/public_html/tugruero/wp-blog-header.php(19): require_once('/home/fidel/pub...')
#2 /home/fidel/public_html/tugruero/index.php(17): require('/home/fidel/pub...')
#3 {main}
  thrown en /home/fidel/public_html/tugruero/wp-content/themes/tugruero/index.php en la línea 78

2019-04-19T01:36:17+00:00 CRITICAL Uncaught Error: Call to undefined method WC_Product_Simple::get_field_precio_anterior_bs() in /home/fidel/public_html/tugruero/wp-content/themes/tugruero/index.php:78
Stack trace:
#0 /home/fidel/public_html/tugruero/wp-includes/template-loader.php(77): include()
#1 /home/fidel/public_html/tugruero/wp-blog-header.php(19): require_once('/home/fidel/pub...')
#2 /home/fidel/public_html/tugruero/index.php(17): require('/home/fidel/pub...')
#3 {main}
  thrown en /home/fidel/public_html/tugruero/wp-content/themes/tugruero/index.php en la línea 78

2019-04-19T01:38:16+00:00 CRITICAL Uncaught Error: Call to undefined method WC_Product_Simple::get_field_object() in /home/fidel/public_html/tugruero/wp-content/themes/tugruero/index.php:78
Stack trace:
#0 /home/fidel/public_html/tugruero/wp-includes/template-loader.php(77): include()
#1 /home/fidel/public_html/tugruero/wp-blog-header.php(19): require_once('/home/fidel/pub...')
#2 /home/fidel/public_html/tugruero/index.php(17): require('/home/fidel/pub...')
#3 {main}
  thrown en /home/fidel/public_html/tugruero/wp-content/themes/tugruero/index.php en la línea 78

2019-04-19T01:38:17+00:00 CRITICAL Uncaught Error: Call to undefined method WC_Product_Simple::get_field_object() in /home/fidel/public_html/tugruero/wp-content/themes/tugruero/index.php:78
Stack trace:
#0 /home/fidel/public_html/tugruero/wp-includes/template-loader.php(77): include()
#1 /home/fidel/public_html/tugruero/wp-blog-header.php(19): require_once('/home/fidel/pub...')
#2 /home/fidel/public_html/tugruero/index.php(17): require('/home/fidel/pub...')
#3 {main}
  thrown en /home/fidel/public_html/tugruero/wp-content/themes/tugruero/index.php en la línea 78

