2019-08-22T18:21:13+00:00 CRITICAL Uncaught Error: Call to undefined function curl_init() in /var/www/html/tugruero/wp-content/plugins/yith-woocommerce-sequential-order-number-premium/plugin-fw/lib/yith-system-status.php:299
Stack trace:
#0 /var/www/html/tugruero/wp-content/plugins/yith-woocommerce-sequential-order-number-premium/plugin-fw/lib/yith-system-status.php(166): YITH_System_Status->get_system_info()
#1 /var/www/html/tugruero/wp-includes/class-wp-hook.php(286): YITH_System_Status->check_system_status('')
#2 /var/www/html/tugruero/wp-includes/class-wp-hook.php(310): WP_Hook->apply_filters(NULL, Array)
#3 /var/www/html/tugruero/wp-includes/plugin.php(465): WP_Hook->do_action(Array)
#4 /var/www/html/tugruero/wp-admin/admin.php(169): do_action('admin_init')
#5 /var/www/html/tugruero/wp-admin/plugins.php(10): require_once('/var/www/html/t...')
#6 {main}
  thrown en /var/www/html/tugruero/wp-content/plugins/yith-woocommerce-sequential-order-number-premium/plugin-fw/lib/yith-system-status.php en la línea 299

2019-08-22T18:21:16+00:00 CRITICAL Uncaught Error: Call to undefined function curl_init() in /var/www/html/tugruero/wp-content/plugins/yith-woocommerce-sequential-order-number-premium/plugin-fw/lib/yith-system-status.php:299
Stack trace:
#0 /var/www/html/tugruero/wp-content/plugins/yith-woocommerce-sequential-order-number-premium/plugin-fw/lib/yith-system-status.php(166): YITH_System_Status->get_system_info()
#1 /var/www/html/tugruero/wp-includes/class-wp-hook.php(286): YITH_System_Status->check_system_status('')
#2 /var/www/html/tugruero/wp-includes/class-wp-hook.php(310): WP_Hook->apply_filters(NULL, Array)
#3 /var/www/html/tugruero/wp-includes/plugin.php(465): WP_Hook->do_action(Array)
#4 /var/www/html/tugruero/wp-admin/admin-ajax.php(45): do_action('admin_init')
#5 {main}
  thrown en /var/www/html/tugruero/wp-content/plugins/yith-woocommerce-sequential-order-number-premium/plugin-fw/lib/yith-system-status.php en la línea 299

2019-08-22T18:21:25+00:00 CRITICAL Uncaught Error: Call to undefined function curl_init() in /var/www/html/tugruero/wp-content/plugins/yith-woocommerce-sequential-order-number-premium/plugin-fw/lib/yith-system-status.php:299
Stack trace:
#0 /var/www/html/tugruero/wp-content/plugins/yith-woocommerce-sequential-order-number-premium/plugin-fw/lib/yith-system-status.php(166): YITH_System_Status->get_system_info()
#1 /var/www/html/tugruero/wp-includes/class-wp-hook.php(286): YITH_System_Status->check_system_status('')
#2 /var/www/html/tugruero/wp-includes/class-wp-hook.php(310): WP_Hook->apply_filters(NULL, Array)
#3 /var/www/html/tugruero/wp-includes/plugin.php(465): WP_Hook->do_action(Array)
#4 /var/www/html/tugruero/wp-admin/admin-ajax.php(45): do_action('admin_init')
#5 {main}
  thrown en /var/www/html/tugruero/wp-content/plugins/yith-woocommerce-sequential-order-number-premium/plugin-fw/lib/yith-system-status.php en la línea 299

2019-08-22T18:21:26+00:00 CRITICAL Uncaught Error: Call to undefined function curl_init() in /var/www/html/tugruero/wp-content/plugins/yith-woocommerce-sequential-order-number-premium/plugin-fw/lib/yith-system-status.php:299
Stack trace:
#0 /var/www/html/tugruero/wp-content/plugins/yith-woocommerce-sequential-order-number-premium/plugin-fw/lib/yith-system-status.php(166): YITH_System_Status->get_system_info()
#1 /var/www/html/tugruero/wp-includes/class-wp-hook.php(286): YITH_System_Status->check_system_status('')
#2 /var/www/html/tugruero/wp-includes/class-wp-hook.php(310): WP_Hook->apply_filters(NULL, Array)
#3 /var/www/html/tugruero/wp-includes/plugin.php(465): WP_Hook->do_action(Array)
#4 /var/www/html/tugruero/wp-admin/admin.php(169): do_action('admin_init')
#5 /var/www/html/tugruero/wp-admin/plugins.php(10): require_once('/var/www/html/t...')
#6 {main}
  thrown en /var/www/html/tugruero/wp-content/plugins/yith-woocommerce-sequential-order-number-premium/plugin-fw/lib/yith-system-status.php en la línea 299

2019-08-22T18:21:34+00:00 CRITICAL Uncaught Error: Call to undefined function curl_init() in /var/www/html/tugruero/wp-content/plugins/yith-woocommerce-sequential-order-number-premium/plugin-fw/lib/yith-system-status.php:299
Stack trace:
#0 /var/www/html/tugruero/wp-content/plugins/yith-woocommerce-sequential-order-number-premium/plugin-fw/lib/yith-system-status.php(166): YITH_System_Status->get_system_info()
#1 /var/www/html/tugruero/wp-includes/class-wp-hook.php(286): YITH_System_Status->check_system_status('')
#2 /var/www/html/tugruero/wp-includes/class-wp-hook.php(310): WP_Hook->apply_filters(NULL, Array)
#3 /var/www/html/tugruero/wp-includes/plugin.php(465): WP_Hook->do_action(Array)
#4 /var/www/html/tugruero/wp-admin/admin-ajax.php(45): do_action('admin_init')
#5 {main}
  thrown en /var/www/html/tugruero/wp-content/plugins/yith-woocommerce-sequential-order-number-premium/plugin-fw/lib/yith-system-status.php en la línea 299

2019-08-22T18:21:37+00:00 CRITICAL Uncaught Error: Call to undefined function curl_init() in /var/www/html/tugruero/wp-content/plugins/yith-woocommerce-sequential-order-number-premium/plugin-fw/lib/yith-system-status.php:299
Stack trace:
#0 /var/www/html/tugruero/wp-content/plugins/yith-woocommerce-sequential-order-number-premium/plugin-fw/lib/yith-system-status.php(166): YITH_System_Status->get_system_info()
#1 /var/www/html/tugruero/wp-includes/class-wp-hook.php(286): YITH_System_Status->check_system_status('')
#2 /var/www/html/tugruero/wp-includes/class-wp-hook.php(310): WP_Hook->apply_filters(NULL, Array)
#3 /var/www/html/tugruero/wp-includes/plugin.php(465): WP_Hook->do_action(Array)
#4 /var/www/html/tugruero/wp-admin/admin.php(169): do_action('admin_init')
#5 /var/www/html/tugruero/wp-admin/plugins.php(10): require_once('/var/www/html/t...')
#6 {main}
  thrown en /var/www/html/tugruero/wp-content/plugins/yith-woocommerce-sequential-order-number-premium/plugin-fw/lib/yith-system-status.php en la línea 299

2019-08-22T18:21:42+00:00 CRITICAL Uncaught Error: Call to undefined function curl_init() in /var/www/html/tugruero/wp-content/plugins/yith-woocommerce-sequential-order-number-premium/plugin-fw/lib/yith-system-status.php:299
Stack trace:
#0 /var/www/html/tugruero/wp-content/plugins/yith-woocommerce-sequential-order-number-premium/plugin-fw/lib/yith-system-status.php(166): YITH_System_Status->get_system_info()
#1 /var/www/html/tugruero/wp-includes/class-wp-hook.php(286): YITH_System_Status->check_system_status('')
#2 /var/www/html/tugruero/wp-includes/class-wp-hook.php(310): WP_Hook->apply_filters(NULL, Array)
#3 /var/www/html/tugruero/wp-includes/plugin.php(465): WP_Hook->do_action(Array)
#4 /var/www/html/tugruero/wp-admin/admin-ajax.php(45): do_action('admin_init')
#5 {main}
  thrown en /var/www/html/tugruero/wp-content/plugins/yith-woocommerce-sequential-order-number-premium/plugin-fw/lib/yith-system-status.php en la línea 299

2019-08-22T18:21:52+00:00 CRITICAL Uncaught Error: Call to undefined function curl_init() in /var/www/html/tugruero/wp-content/plugins/yith-woocommerce-sequential-order-number-premium/plugin-fw/lib/yith-system-status.php:299
Stack trace:
#0 /var/www/html/tugruero/wp-content/plugins/yith-woocommerce-sequential-order-number-premium/plugin-fw/lib/yith-system-status.php(166): YITH_System_Status->get_system_info()
#1 /var/www/html/tugruero/wp-includes/class-wp-hook.php(286): YITH_System_Status->check_system_status('')
#2 /var/www/html/tugruero/wp-includes/class-wp-hook.php(310): WP_Hook->apply_filters(NULL, Array)
#3 /var/www/html/tugruero/wp-includes/plugin.php(465): WP_Hook->do_action(Array)
#4 /var/www/html/tugruero/wp-admin/admin-ajax.php(45): do_action('admin_init')
#5 {main}
  thrown en /var/www/html/tugruero/wp-content/plugins/yith-woocommerce-sequential-order-number-premium/plugin-fw/lib/yith-system-status.php en la línea 299

2019-08-22T18:22:03+00:00 CRITICAL Uncaught Error: Call to undefined function curl_init() in /var/www/html/tugruero/wp-content/plugins/yith-woocommerce-sequential-order-number-premium/plugin-fw/lib/yith-system-status.php:299
Stack trace:
#0 /var/www/html/tugruero/wp-content/plugins/yith-woocommerce-sequential-order-number-premium/plugin-fw/lib/yith-system-status.php(166): YITH_System_Status->get_system_info()
#1 /var/www/html/tugruero/wp-includes/class-wp-hook.php(286): YITH_System_Status->check_system_status('')
#2 /var/www/html/tugruero/wp-includes/class-wp-hook.php(310): WP_Hook->apply_filters(NULL, Array)
#3 /var/www/html/tugruero/wp-includes/plugin.php(465): WP_Hook->do_action(Array)
#4 /var/www/html/tugruero/wp-admin/admin-ajax.php(45): do_action('admin_init')
#5 {main}
  thrown en /var/www/html/tugruero/wp-content/plugins/yith-woocommerce-sequential-order-number-premium/plugin-fw/lib/yith-system-status.php en la línea 299

2019-08-22T18:22:19+00:00 CRITICAL Uncaught Error: Call to undefined function curl_init() in /var/www/html/tugruero/wp-content/plugins/yith-woocommerce-sequential-order-number-premium/plugin-fw/lib/yith-system-status.php:299
Stack trace:
#0 /var/www/html/tugruero/wp-content/plugins/yith-woocommerce-sequential-order-number-premium/plugin-fw/lib/yith-system-status.php(166): YITH_System_Status->get_system_info()
#1 /var/www/html/tugruero/wp-includes/class-wp-hook.php(286): YITH_System_Status->check_system_status('')
#2 /var/www/html/tugruero/wp-includes/class-wp-hook.php(310): WP_Hook->apply_filters(NULL, Array)
#3 /var/www/html/tugruero/wp-includes/plugin.php(465): WP_Hook->do_action(Array)
#4 /var/www/html/tugruero/wp-admin/admin-ajax.php(45): do_action('admin_init')
#5 {main}
  thrown en /var/www/html/tugruero/wp-content/plugins/yith-woocommerce-sequential-order-number-premium/plugin-fw/lib/yith-system-status.php en la línea 299

2019-08-22T18:22:40+00:00 CRITICAL Uncaught Error: Call to undefined function curl_init() in /var/www/html/tugruero/wp-content/plugins/yith-woocommerce-sequential-order-number-premium/plugin-fw/lib/yith-system-status.php:299
Stack trace:
#0 /var/www/html/tugruero/wp-content/plugins/yith-woocommerce-sequential-order-number-premium/plugin-fw/lib/yith-system-status.php(166): YITH_System_Status->get_system_info()
#1 /var/www/html/tugruero/wp-includes/class-wp-hook.php(286): YITH_System_Status->check_system_status('')
#2 /var/www/html/tugruero/wp-includes/class-wp-hook.php(310): WP_Hook->apply_filters(NULL, Array)
#3 /var/www/html/tugruero/wp-includes/plugin.php(465): WP_Hook->do_action(Array)
#4 /var/www/html/tugruero/wp-admin/admin-ajax.php(45): do_action('admin_init')
#5 {main}
  thrown en /var/www/html/tugruero/wp-content/plugins/yith-woocommerce-sequential-order-number-premium/plugin-fw/lib/yith-system-status.php en la línea 299

2019-08-22T18:22:56+00:00 CRITICAL Uncaught Error: Call to undefined function curl_init() in /var/www/html/tugruero/wp-content/plugins/yith-woocommerce-sequential-order-number-premium/plugin-fw/lib/yith-system-status.php:299
Stack trace:
#0 /var/www/html/tugruero/wp-content/plugins/yith-woocommerce-sequential-order-number-premium/plugin-fw/lib/yith-system-status.php(166): YITH_System_Status->get_system_info()
#1 /var/www/html/tugruero/wp-includes/class-wp-hook.php(286): YITH_System_Status->check_system_status('')
#2 /var/www/html/tugruero/wp-includes/class-wp-hook.php(310): WP_Hook->apply_filters(NULL, Array)
#3 /var/www/html/tugruero/wp-includes/plugin.php(465): WP_Hook->do_action(Array)
#4 /var/www/html/tugruero/wp-admin/admin.php(169): do_action('admin_init')
#5 /var/www/html/tugruero/wp-admin/plugins.php(10): require_once('/var/www/html/t...')
#6 {main}
  thrown en /var/www/html/tugruero/wp-content/plugins/yith-woocommerce-sequential-order-number-premium/plugin-fw/lib/yith-system-status.php en la línea 299

2019-08-22T18:23:00+00:00 CRITICAL Uncaught Error: Call to undefined function curl_init() in /var/www/html/tugruero/wp-content/plugins/yith-woocommerce-sequential-order-number-premium/plugin-fw/lib/yith-system-status.php:299
Stack trace:
#0 /var/www/html/tugruero/wp-content/plugins/yith-woocommerce-sequential-order-number-premium/plugin-fw/lib/yith-system-status.php(166): YITH_System_Status->get_system_info()
#1 /var/www/html/tugruero/wp-includes/class-wp-hook.php(286): YITH_System_Status->check_system_status('')
#2 /var/www/html/tugruero/wp-includes/class-wp-hook.php(310): WP_Hook->apply_filters(NULL, Array)
#3 /var/www/html/tugruero/wp-includes/plugin.php(465): WP_Hook->do_action(Array)
#4 /var/www/html/tugruero/wp-admin/admin-ajax.php(45): do_action('admin_init')
#5 {main}
  thrown en /var/www/html/tugruero/wp-content/plugins/yith-woocommerce-sequential-order-number-premium/plugin-fw/lib/yith-system-status.php en la línea 299

2019-08-22T18:23:52+00:00 CRITICAL Uncaught Error: Call to undefined function curl_init() in /var/www/html/tugruero/wp-content/plugins/yith-woocommerce-sequential-order-number-premium/plugin-fw/lib/yith-system-status.php:299
Stack trace:
#0 /var/www/html/tugruero/wp-content/plugins/yith-woocommerce-sequential-order-number-premium/plugin-fw/lib/yith-system-status.php(166): YITH_System_Status->get_system_info()
#1 /var/www/html/tugruero/wp-includes/class-wp-hook.php(286): YITH_System_Status->check_system_status('')
#2 /var/www/html/tugruero/wp-includes/class-wp-hook.php(310): WP_Hook->apply_filters(NULL, Array)
#3 /var/www/html/tugruero/wp-includes/plugin.php(465): WP_Hook->do_action(Array)
#4 /var/www/html/tugruero/wp-admin/admin-ajax.php(45): do_action('admin_init')
#5 {main}
  thrown en /var/www/html/tugruero/wp-content/plugins/yith-woocommerce-sequential-order-number-premium/plugin-fw/lib/yith-system-status.php en la línea 299

2019-08-22T18:24:05+00:00 CRITICAL Uncaught Error: Call to undefined function curl_init() in /var/www/html/tugruero/wp-content/plugins/yith-woocommerce-sequential-order-number-premium/plugin-fw/lib/yith-system-status.php:299
Stack trace:
#0 /var/www/html/tugruero/wp-content/plugins/yith-woocommerce-sequential-order-number-premium/plugin-fw/lib/yith-system-status.php(166): YITH_System_Status->get_system_info()
#1 /var/www/html/tugruero/wp-includes/class-wp-hook.php(286): YITH_System_Status->check_system_status('')
#2 /var/www/html/tugruero/wp-includes/class-wp-hook.php(310): WP_Hook->apply_filters(NULL, Array)
#3 /var/www/html/tugruero/wp-includes/plugin.php(465): WP_Hook->do_action(Array)
#4 /var/www/html/tugruero/wp-admin/admin-ajax.php(45): do_action('admin_init')
#5 {main}
  thrown en /var/www/html/tugruero/wp-content/plugins/yith-woocommerce-sequential-order-number-premium/plugin-fw/lib/yith-system-status.php en la línea 299

2019-08-22T18:24:06+00:00 CRITICAL Uncaught Error: Call to undefined function curl_init() in /var/www/html/tugruero/wp-content/plugins/yith-woocommerce-sequential-order-number-premium/plugin-fw/lib/yith-system-status.php:299
Stack trace:
#0 /var/www/html/tugruero/wp-content/plugins/yith-woocommerce-sequential-order-number-premium/plugin-fw/lib/yith-system-status.php(166): YITH_System_Status->get_system_info()
#1 /var/www/html/tugruero/wp-includes/class-wp-hook.php(286): YITH_System_Status->check_system_status('')
#2 /var/www/html/tugruero/wp-includes/class-wp-hook.php(310): WP_Hook->apply_filters(NULL, Array)
#3 /var/www/html/tugruero/wp-includes/plugin.php(465): WP_Hook->do_action(Array)
#4 /var/www/html/tugruero/wp-admin/admin-ajax.php(45): do_action('admin_init')
#5 {main}
  thrown en /var/www/html/tugruero/wp-content/plugins/yith-woocommerce-sequential-order-number-premium/plugin-fw/lib/yith-system-status.php en la línea 299

2019-08-22T18:24:08+00:00 CRITICAL Uncaught Error: Call to undefined function curl_init() in /var/www/html/tugruero/wp-content/plugins/yith-woocommerce-sequential-order-number-premium/plugin-fw/lib/yith-system-status.php:299
Stack trace:
#0 /var/www/html/tugruero/wp-content/plugins/yith-woocommerce-sequential-order-number-premium/plugin-fw/lib/yith-system-status.php(166): YITH_System_Status->get_system_info()
#1 /var/www/html/tugruero/wp-includes/class-wp-hook.php(286): YITH_System_Status->check_system_status('')
#2 /var/www/html/tugruero/wp-includes/class-wp-hook.php(310): WP_Hook->apply_filters(NULL, Array)
#3 /var/www/html/tugruero/wp-includes/plugin.php(465): WP_Hook->do_action(Array)
#4 /var/www/html/tugruero/wp-admin/admin-ajax.php(45): do_action('admin_init')
#5 {main}
  thrown en /var/www/html/tugruero/wp-content/plugins/yith-woocommerce-sequential-order-number-premium/plugin-fw/lib/yith-system-status.php en la línea 299

2019-08-22T18:25:03+00:00 CRITICAL Uncaught Error: Call to undefined function curl_init() in /var/www/html/tugruero/wp-content/plugins/yith-woocommerce-sequential-order-number-premium/plugin-fw/lib/yith-system-status.php:299
Stack trace:
#0 /var/www/html/tugruero/wp-content/plugins/yith-woocommerce-sequential-order-number-premium/plugin-fw/lib/yith-system-status.php(166): YITH_System_Status->get_system_info()
#1 /var/www/html/tugruero/wp-includes/class-wp-hook.php(286): YITH_System_Status->check_system_status('')
#2 /var/www/html/tugruero/wp-includes/class-wp-hook.php(310): WP_Hook->apply_filters(NULL, Array)
#3 /var/www/html/tugruero/wp-includes/plugin.php(465): WP_Hook->do_action(Array)
#4 /var/www/html/tugruero/wp-admin/admin-ajax.php(45): do_action('admin_init')
#5 {main}
  thrown en /var/www/html/tugruero/wp-content/plugins/yith-woocommerce-sequential-order-number-premium/plugin-fw/lib/yith-system-status.php en la línea 299

2019-08-22T18:25:56+00:00 CRITICAL Uncaught Error: Call to undefined function curl_init() in /var/www/html/tugruero/wp-content/plugins/yith-woocommerce-sequential-order-number-premium/plugin-fw/lib/yith-system-status.php:299
Stack trace:
#0 /var/www/html/tugruero/wp-content/plugins/yith-woocommerce-sequential-order-number-premium/plugin-fw/lib/yith-system-status.php(166): YITH_System_Status->get_system_info()
#1 /var/www/html/tugruero/wp-includes/class-wp-hook.php(286): YITH_System_Status->check_system_status('')
#2 /var/www/html/tugruero/wp-includes/class-wp-hook.php(310): WP_Hook->apply_filters(NULL, Array)
#3 /var/www/html/tugruero/wp-includes/plugin.php(465): WP_Hook->do_action(Array)
#4 /var/www/html/tugruero/wp-admin/admin-ajax.php(45): do_action('admin_init')
#5 {main}
  thrown en /var/www/html/tugruero/wp-content/plugins/yith-woocommerce-sequential-order-number-premium/plugin-fw/lib/yith-system-status.php en la línea 299

2019-08-22T18:26:05+00:00 CRITICAL Uncaught Error: Call to undefined function curl_init() in /var/www/html/tugruero/wp-content/plugins/yith-woocommerce-sequential-order-number-premium/plugin-fw/lib/yith-system-status.php:299
Stack trace:
#0 /var/www/html/tugruero/wp-content/plugins/yith-woocommerce-sequential-order-number-premium/plugin-fw/lib/yith-system-status.php(166): YITH_System_Status->get_system_info()
#1 /var/www/html/tugruero/wp-includes/class-wp-hook.php(286): YITH_System_Status->check_system_status('')
#2 /var/www/html/tugruero/wp-includes/class-wp-hook.php(310): WP_Hook->apply_filters(NULL, Array)
#3 /var/www/html/tugruero/wp-includes/plugin.php(465): WP_Hook->do_action(Array)
#4 /var/www/html/tugruero/wp-admin/admin-ajax.php(45): do_action('admin_init')
#5 {main}
  thrown en /var/www/html/tugruero/wp-content/plugins/yith-woocommerce-sequential-order-number-premium/plugin-fw/lib/yith-system-status.php en la línea 299

2019-08-22T18:26:07+00:00 CRITICAL Uncaught Error: Call to undefined function curl_init() in /var/www/html/tugruero/wp-content/plugins/yith-woocommerce-sequential-order-number-premium/plugin-fw/lib/yith-system-status.php:299
Stack trace:
#0 /var/www/html/tugruero/wp-content/plugins/yith-woocommerce-sequential-order-number-premium/plugin-fw/lib/yith-system-status.php(166): YITH_System_Status->get_system_info()
#1 /var/www/html/tugruero/wp-includes/class-wp-hook.php(286): YITH_System_Status->check_system_status('')
#2 /var/www/html/tugruero/wp-includes/class-wp-hook.php(310): WP_Hook->apply_filters(NULL, Array)
#3 /var/www/html/tugruero/wp-includes/plugin.php(465): WP_Hook->do_action(Array)
#4 /var/www/html/tugruero/wp-admin/admin-ajax.php(45): do_action('admin_init')
#5 {main}
  thrown en /var/www/html/tugruero/wp-content/plugins/yith-woocommerce-sequential-order-number-premium/plugin-fw/lib/yith-system-status.php en la línea 299

2019-08-22T18:27:02+00:00 CRITICAL Uncaught Error: Call to undefined function curl_init() in /var/www/html/tugruero/wp-content/plugins/yith-woocommerce-sequential-order-number-premium/plugin-fw/lib/yith-system-status.php:299
Stack trace:
#0 /var/www/html/tugruero/wp-content/plugins/yith-woocommerce-sequential-order-number-premium/plugin-fw/lib/yith-system-status.php(166): YITH_System_Status->get_system_info()
#1 /var/www/html/tugruero/wp-includes/class-wp-hook.php(286): YITH_System_Status->check_system_status('')
#2 /var/www/html/tugruero/wp-includes/class-wp-hook.php(310): WP_Hook->apply_filters(NULL, Array)
#3 /var/www/html/tugruero/wp-includes/plugin.php(465): WP_Hook->do_action(Array)
#4 /var/www/html/tugruero/wp-admin/admin-ajax.php(45): do_action('admin_init')
#5 {main}
  thrown en /var/www/html/tugruero/wp-content/plugins/yith-woocommerce-sequential-order-number-premium/plugin-fw/lib/yith-system-status.php en la línea 299

2019-08-22T18:27:55+00:00 CRITICAL Uncaught Error: Call to undefined function curl_init() in /var/www/html/tugruero/wp-content/plugins/yith-woocommerce-sequential-order-number-premium/plugin-fw/lib/yith-system-status.php:299
Stack trace:
#0 /var/www/html/tugruero/wp-content/plugins/yith-woocommerce-sequential-order-number-premium/plugin-fw/lib/yith-system-status.php(166): YITH_System_Status->get_system_info()
#1 /var/www/html/tugruero/wp-includes/class-wp-hook.php(286): YITH_System_Status->check_system_status('')
#2 /var/www/html/tugruero/wp-includes/class-wp-hook.php(310): WP_Hook->apply_filters(NULL, Array)
#3 /var/www/html/tugruero/wp-includes/plugin.php(465): WP_Hook->do_action(Array)
#4 /var/www/html/tugruero/wp-admin/admin-ajax.php(45): do_action('admin_init')
#5 {main}
  thrown en /var/www/html/tugruero/wp-content/plugins/yith-woocommerce-sequential-order-number-premium/plugin-fw/lib/yith-system-status.php en la línea 299

2019-08-22T18:27:59+00:00 CRITICAL Uncaught Error: Call to undefined function curl_init() in /var/www/html/tugruero/wp-content/plugins/yith-woocommerce-sequential-order-number-premium/plugin-fw/lib/yith-system-status.php:299
Stack trace:
#0 /var/www/html/tugruero/wp-content/plugins/yith-woocommerce-sequential-order-number-premium/plugin-fw/lib/yith-system-status.php(166): YITH_System_Status->get_system_info()
#1 /var/www/html/tugruero/wp-includes/class-wp-hook.php(286): YITH_System_Status->check_system_status('')
#2 /var/www/html/tugruero/wp-includes/class-wp-hook.php(310): WP_Hook->apply_filters(NULL, Array)
#3 /var/www/html/tugruero/wp-includes/plugin.php(465): WP_Hook->do_action(Array)
#4 /var/www/html/tugruero/wp-admin/admin-ajax.php(45): do_action('admin_init')
#5 {main}
  thrown en /var/www/html/tugruero/wp-content/plugins/yith-woocommerce-sequential-order-number-premium/plugin-fw/lib/yith-system-status.php en la línea 299

2019-08-22T18:28:02+00:00 CRITICAL Uncaught Error: Call to undefined function curl_init() in /var/www/html/tugruero/wp-content/plugins/yith-woocommerce-sequential-order-number-premium/plugin-fw/lib/yith-system-status.php:299
Stack trace:
#0 /var/www/html/tugruero/wp-content/plugins/yith-woocommerce-sequential-order-number-premium/plugin-fw/lib/yith-system-status.php(166): YITH_System_Status->get_system_info()
#1 /var/www/html/tugruero/wp-includes/class-wp-hook.php(286): YITH_System_Status->check_system_status('')
#2 /var/www/html/tugruero/wp-includes/class-wp-hook.php(310): WP_Hook->apply_filters(NULL, Array)
#3 /var/www/html/tugruero/wp-includes/plugin.php(465): WP_Hook->do_action(Array)
#4 /var/www/html/tugruero/wp-admin/admin-ajax.php(45): do_action('admin_init')
#5 {main}
  thrown en /var/www/html/tugruero/wp-content/plugins/yith-woocommerce-sequential-order-number-premium/plugin-fw/lib/yith-system-status.php en la línea 299

2019-08-22T18:28:08+00:00 CRITICAL Uncaught Error: Call to undefined function curl_init() in /var/www/html/tugruero/wp-content/plugins/yith-woocommerce-sequential-order-number-premium/plugin-fw/lib/yith-system-status.php:299
Stack trace:
#0 /var/www/html/tugruero/wp-content/plugins/yith-woocommerce-sequential-order-number-premium/plugin-fw/lib/yith-system-status.php(166): YITH_System_Status->get_system_info()
#1 /var/www/html/tugruero/wp-includes/class-wp-hook.php(286): YITH_System_Status->check_system_status('')
#2 /var/www/html/tugruero/wp-includes/class-wp-hook.php(310): WP_Hook->apply_filters(NULL, Array)
#3 /var/www/html/tugruero/wp-includes/plugin.php(465): WP_Hook->do_action(Array)
#4 /var/www/html/tugruero/wp-admin/admin-ajax.php(45): do_action('admin_init')
#5 {main}
  thrown en /var/www/html/tugruero/wp-content/plugins/yith-woocommerce-sequential-order-number-premium/plugin-fw/lib/yith-system-status.php en la línea 299

2019-08-22T18:29:00+00:00 CRITICAL Uncaught Error: Call to undefined function curl_init() in /var/www/html/tugruero/wp-content/plugins/yith-woocommerce-sequential-order-number-premium/plugin-fw/lib/yith-system-status.php:299
Stack trace:
#0 /var/www/html/tugruero/wp-content/plugins/yith-woocommerce-sequential-order-number-premium/plugin-fw/lib/yith-system-status.php(166): YITH_System_Status->get_system_info()
#1 /var/www/html/tugruero/wp-includes/class-wp-hook.php(286): YITH_System_Status->check_system_status('')
#2 /var/www/html/tugruero/wp-includes/class-wp-hook.php(310): WP_Hook->apply_filters(NULL, Array)
#3 /var/www/html/tugruero/wp-includes/plugin.php(465): WP_Hook->do_action(Array)
#4 /var/www/html/tugruero/wp-admin/admin-ajax.php(45): do_action('admin_init')
#5 {main}
  thrown en /var/www/html/tugruero/wp-content/plugins/yith-woocommerce-sequential-order-number-premium/plugin-fw/lib/yith-system-status.php en la línea 299

2019-08-22T18:29:57+00:00 CRITICAL Uncaught Error: Call to undefined function curl_init() in /var/www/html/tugruero/wp-content/plugins/yith-woocommerce-sequential-order-number-premium/plugin-fw/lib/yith-system-status.php:299
Stack trace:
#0 /var/www/html/tugruero/wp-content/plugins/yith-woocommerce-sequential-order-number-premium/plugin-fw/lib/yith-system-status.php(166): YITH_System_Status->get_system_info()
#1 /var/www/html/tugruero/wp-includes/class-wp-hook.php(286): YITH_System_Status->check_system_status('')
#2 /var/www/html/tugruero/wp-includes/class-wp-hook.php(310): WP_Hook->apply_filters(NULL, Array)
#3 /var/www/html/tugruero/wp-includes/plugin.php(465): WP_Hook->do_action(Array)
#4 /var/www/html/tugruero/wp-admin/admin-ajax.php(45): do_action('admin_init')
#5 {main}
  thrown en /var/www/html/tugruero/wp-content/plugins/yith-woocommerce-sequential-order-number-premium/plugin-fw/lib/yith-system-status.php en la línea 299

2019-08-22T18:30:01+00:00 CRITICAL Uncaught Error: Call to undefined function curl_init() in /var/www/html/tugruero/wp-content/plugins/yith-woocommerce-sequential-order-number-premium/plugin-fw/lib/yith-system-status.php:299
Stack trace:
#0 /var/www/html/tugruero/wp-content/plugins/yith-woocommerce-sequential-order-number-premium/plugin-fw/lib/yith-system-status.php(166): YITH_System_Status->get_system_info()
#1 /var/www/html/tugruero/wp-includes/class-wp-hook.php(286): YITH_System_Status->check_system_status('')
#2 /var/www/html/tugruero/wp-includes/class-wp-hook.php(310): WP_Hook->apply_filters(NULL, Array)
#3 /var/www/html/tugruero/wp-includes/plugin.php(465): WP_Hook->do_action(Array)
#4 /var/www/html/tugruero/wp-admin/admin-ajax.php(45): do_action('admin_init')
#5 {main}
  thrown en /var/www/html/tugruero/wp-content/plugins/yith-woocommerce-sequential-order-number-premium/plugin-fw/lib/yith-system-status.php en la línea 299

2019-08-22T18:30:03+00:00 CRITICAL Uncaught Error: Call to undefined function curl_init() in /var/www/html/tugruero/wp-content/plugins/yith-woocommerce-sequential-order-number-premium/plugin-fw/lib/yith-system-status.php:299
Stack trace:
#0 /var/www/html/tugruero/wp-content/plugins/yith-woocommerce-sequential-order-number-premium/plugin-fw/lib/yith-system-status.php(166): YITH_System_Status->get_system_info()
#1 /var/www/html/tugruero/wp-includes/class-wp-hook.php(286): YITH_System_Status->check_system_status('')
#2 /var/www/html/tugruero/wp-includes/class-wp-hook.php(310): WP_Hook->apply_filters(NULL, Array)
#3 /var/www/html/tugruero/wp-includes/plugin.php(465): WP_Hook->do_action(Array)
#4 /var/www/html/tugruero/wp-admin/admin-ajax.php(45): do_action('admin_init')
#5 {main}
  thrown en /var/www/html/tugruero/wp-content/plugins/yith-woocommerce-sequential-order-number-premium/plugin-fw/lib/yith-system-status.php en la línea 299

2019-08-22T18:30:07+00:00 CRITICAL Uncaught Error: Call to undefined function curl_init() in /var/www/html/tugruero/wp-content/plugins/yith-woocommerce-sequential-order-number-premium/plugin-fw/lib/yith-system-status.php:299
Stack trace:
#0 /var/www/html/tugruero/wp-content/plugins/yith-woocommerce-sequential-order-number-premium/plugin-fw/lib/yith-system-status.php(166): YITH_System_Status->get_system_info()
#1 /var/www/html/tugruero/wp-includes/class-wp-hook.php(286): YITH_System_Status->check_system_status('')
#2 /var/www/html/tugruero/wp-includes/class-wp-hook.php(310): WP_Hook->apply_filters(NULL, Array)
#3 /var/www/html/tugruero/wp-includes/plugin.php(465): WP_Hook->do_action(Array)
#4 /var/www/html/tugruero/wp-admin/admin-ajax.php(45): do_action('admin_init')
#5 {main}
  thrown en /var/www/html/tugruero/wp-content/plugins/yith-woocommerce-sequential-order-number-premium/plugin-fw/lib/yith-system-status.php en la línea 299

2019-08-22T18:31:06+00:00 CRITICAL Uncaught Error: Call to undefined function curl_init() in /var/www/html/tugruero/wp-content/plugins/yith-woocommerce-sequential-order-number-premium/plugin-fw/lib/yith-system-status.php:299
Stack trace:
#0 /var/www/html/tugruero/wp-content/plugins/yith-woocommerce-sequential-order-number-premium/plugin-fw/lib/yith-system-status.php(166): YITH_System_Status->get_system_info()
#1 /var/www/html/tugruero/wp-includes/class-wp-hook.php(286): YITH_System_Status->check_system_status('')
#2 /var/www/html/tugruero/wp-includes/class-wp-hook.php(310): WP_Hook->apply_filters(NULL, Array)
#3 /var/www/html/tugruero/wp-includes/plugin.php(465): WP_Hook->do_action(Array)
#4 /var/www/html/tugruero/wp-admin/admin-ajax.php(45): do_action('admin_init')
#5 {main}
  thrown en /var/www/html/tugruero/wp-content/plugins/yith-woocommerce-sequential-order-number-premium/plugin-fw/lib/yith-system-status.php en la línea 299

2019-08-22T18:31:38+00:00 CRITICAL Uncaught Error: Call to undefined function curl_init() in /var/www/html/tugruero/wp-content/plugins/yith-woocommerce-sequential-order-number-premium/plugin-fw/lib/yith-system-status.php:299
Stack trace:
#0 /var/www/html/tugruero/wp-content/plugins/yith-woocommerce-sequential-order-number-premium/plugin-fw/lib/yith-system-status.php(166): YITH_System_Status->get_system_info()
#1 /var/www/html/tugruero/wp-includes/class-wp-hook.php(286): YITH_System_Status->check_system_status('')
#2 /var/www/html/tugruero/wp-includes/class-wp-hook.php(310): WP_Hook->apply_filters(NULL, Array)
#3 /var/www/html/tugruero/wp-includes/plugin.php(465): WP_Hook->do_action(Array)
#4 /var/www/html/tugruero/wp-admin/admin-ajax.php(45): do_action('admin_init')
#5 {main}
  thrown en /var/www/html/tugruero/wp-content/plugins/yith-woocommerce-sequential-order-number-premium/plugin-fw/lib/yith-system-status.php en la línea 299

2019-08-22T18:31:45+00:00 CRITICAL Uncaught Error: Call to undefined function curl_init() in /var/www/html/tugruero/wp-content/plugins/yith-woocommerce-sequential-order-number-premium/plugin-fw/lib/yith-system-status.php:299
Stack trace:
#0 /var/www/html/tugruero/wp-content/plugins/yith-woocommerce-sequential-order-number-premium/plugin-fw/lib/yith-system-status.php(166): YITH_System_Status->get_system_info()
#1 /var/www/html/tugruero/wp-includes/class-wp-hook.php(286): YITH_System_Status->check_system_status('')
#2 /var/www/html/tugruero/wp-includes/class-wp-hook.php(310): WP_Hook->apply_filters(NULL, Array)
#3 /var/www/html/tugruero/wp-includes/plugin.php(465): WP_Hook->do_action(Array)
#4 /var/www/html/tugruero/wp-admin/admin-ajax.php(45): do_action('admin_init')
#5 {main}
  thrown en /var/www/html/tugruero/wp-content/plugins/yith-woocommerce-sequential-order-number-premium/plugin-fw/lib/yith-system-status.php en la línea 299

2019-08-22T18:31:48+00:00 CRITICAL Uncaught Error: Call to undefined function curl_init() in /var/www/html/tugruero/wp-content/plugins/yith-woocommerce-sequential-order-number-premium/plugin-fw/lib/yith-system-status.php:299
Stack trace:
#0 /var/www/html/tugruero/wp-content/plugins/yith-woocommerce-sequential-order-number-premium/plugin-fw/lib/yith-system-status.php(166): YITH_System_Status->get_system_info()
#1 /var/www/html/tugruero/wp-includes/class-wp-hook.php(286): YITH_System_Status->check_system_status('')
#2 /var/www/html/tugruero/wp-includes/class-wp-hook.php(310): WP_Hook->apply_filters(NULL, Array)
#3 /var/www/html/tugruero/wp-includes/plugin.php(465): WP_Hook->do_action(Array)
#4 /var/www/html/tugruero/wp-admin/admin.php(169): do_action('admin_init')
#5 /var/www/html/tugruero/wp-admin/edit.php(10): require_once('/var/www/html/t...')
#6 {main}
  thrown en /var/www/html/tugruero/wp-content/plugins/yith-woocommerce-sequential-order-number-premium/plugin-fw/lib/yith-system-status.php en la línea 299

2019-08-22T18:31:53+00:00 CRITICAL Uncaught Error: Call to undefined function curl_init() in /var/www/html/tugruero/wp-content/plugins/yith-woocommerce-sequential-order-number-premium/plugin-fw/lib/yith-system-status.php:299
Stack trace:
#0 /var/www/html/tugruero/wp-content/plugins/yith-woocommerce-sequential-order-number-premium/plugin-fw/lib/yith-system-status.php(166): YITH_System_Status->get_system_info()
#1 /var/www/html/tugruero/wp-includes/class-wp-hook.php(286): YITH_System_Status->check_system_status('')
#2 /var/www/html/tugruero/wp-includes/class-wp-hook.php(310): WP_Hook->apply_filters(NULL, Array)
#3 /var/www/html/tugruero/wp-includes/plugin.php(465): WP_Hook->do_action(Array)
#4 /var/www/html/tugruero/wp-admin/admin.php(169): do_action('admin_init')
#5 /var/www/html/tugruero/wp-admin/edit.php(10): require_once('/var/www/html/t...')
#6 {main}
  thrown en /var/www/html/tugruero/wp-content/plugins/yith-woocommerce-sequential-order-number-premium/plugin-fw/lib/yith-system-status.php en la línea 299

2019-08-22T18:31:57+00:00 CRITICAL Uncaught Error: Call to undefined function curl_init() in /var/www/html/tugruero/wp-content/plugins/yith-woocommerce-sequential-order-number-premium/plugin-fw/lib/yith-system-status.php:299
Stack trace:
#0 /var/www/html/tugruero/wp-content/plugins/yith-woocommerce-sequential-order-number-premium/plugin-fw/lib/yith-system-status.php(166): YITH_System_Status->get_system_info()
#1 /var/www/html/tugruero/wp-includes/class-wp-hook.php(286): YITH_System_Status->check_system_status('')
#2 /var/www/html/tugruero/wp-includes/class-wp-hook.php(310): WP_Hook->apply_filters(NULL, Array)
#3 /var/www/html/tugruero/wp-includes/plugin.php(465): WP_Hook->do_action(Array)
#4 /var/www/html/tugruero/wp-admin/admin-ajax.php(45): do_action('admin_init')
#5 {main}
  thrown en /var/www/html/tugruero/wp-content/plugins/yith-woocommerce-sequential-order-number-premium/plugin-fw/lib/yith-system-status.php en la línea 299

2019-08-22T18:32:10+00:00 CRITICAL Uncaught Error: Call to undefined function curl_init() in /var/www/html/tugruero/wp-content/plugins/yith-woocommerce-sequential-order-number-premium/plugin-fw/lib/yith-system-status.php:299
Stack trace:
#0 /var/www/html/tugruero/wp-content/plugins/yith-woocommerce-sequential-order-number-premium/plugin-fw/lib/yith-system-status.php(166): YITH_System_Status->get_system_info()
#1 /var/www/html/tugruero/wp-includes/class-wp-hook.php(286): YITH_System_Status->check_system_status('')
#2 /var/www/html/tugruero/wp-includes/class-wp-hook.php(310): WP_Hook->apply_filters(NULL, Array)
#3 /var/www/html/tugruero/wp-includes/plugin.php(465): WP_Hook->do_action(Array)
#4 /var/www/html/tugruero/wp-admin/admin-ajax.php(45): do_action('admin_init')
#5 {main}
  thrown en /var/www/html/tugruero/wp-content/plugins/yith-woocommerce-sequential-order-number-premium/plugin-fw/lib/yith-system-status.php en la línea 299

2019-08-22T18:32:46+00:00 CRITICAL Uncaught Error: Call to undefined function curl_init() in /var/www/html/tugruero/wp-content/plugins/yith-woocommerce-sequential-order-number-premium/plugin-fw/lib/yith-system-status.php:299
Stack trace:
#0 /var/www/html/tugruero/wp-content/plugins/yith-woocommerce-sequential-order-number-premium/plugin-fw/lib/yith-system-status.php(166): YITH_System_Status->get_system_info()
#1 /var/www/html/tugruero/wp-includes/class-wp-hook.php(286): YITH_System_Status->check_system_status('')
#2 /var/www/html/tugruero/wp-includes/class-wp-hook.php(310): WP_Hook->apply_filters(NULL, Array)
#3 /var/www/html/tugruero/wp-includes/plugin.php(465): WP_Hook->do_action(Array)
#4 /var/www/html/tugruero/wp-admin/admin-ajax.php(45): do_action('admin_init')
#5 {main}
  thrown en /var/www/html/tugruero/wp-content/plugins/yith-woocommerce-sequential-order-number-premium/plugin-fw/lib/yith-system-status.php en la línea 299

2019-08-22T18:33:07+00:00 CRITICAL Uncaught Error: Call to undefined function curl_init() in /var/www/html/tugruero/wp-content/plugins/yith-woocommerce-sequential-order-number-premium/plugin-fw/lib/yith-system-status.php:299
Stack trace:
#0 /var/www/html/tugruero/wp-content/plugins/yith-woocommerce-sequential-order-number-premium/plugin-fw/lib/yith-system-status.php(166): YITH_System_Status->get_system_info()
#1 /var/www/html/tugruero/wp-includes/class-wp-hook.php(286): YITH_System_Status->check_system_status('')
#2 /var/www/html/tugruero/wp-includes/class-wp-hook.php(310): WP_Hook->apply_filters(NULL, Array)
#3 /var/www/html/tugruero/wp-includes/plugin.php(465): WP_Hook->do_action(Array)
#4 /var/www/html/tugruero/wp-admin/admin-ajax.php(45): do_action('admin_init')
#5 {main}
  thrown en /var/www/html/tugruero/wp-content/plugins/yith-woocommerce-sequential-order-number-premium/plugin-fw/lib/yith-system-status.php en la línea 299

2019-08-22T18:33:44+00:00 CRITICAL Uncaught Error: Call to undefined function curl_init() in /var/www/html/tugruero/wp-content/plugins/yith-woocommerce-sequential-order-number-premium/plugin-fw/lib/yith-system-status.php:299
Stack trace:
#0 /var/www/html/tugruero/wp-content/plugins/yith-woocommerce-sequential-order-number-premium/plugin-fw/lib/yith-system-status.php(166): YITH_System_Status->get_system_info()
#1 /var/www/html/tugruero/wp-includes/class-wp-hook.php(286): YITH_System_Status->check_system_status('')
#2 /var/www/html/tugruero/wp-includes/class-wp-hook.php(310): WP_Hook->apply_filters(NULL, Array)
#3 /var/www/html/tugruero/wp-includes/plugin.php(465): WP_Hook->do_action(Array)
#4 /var/www/html/tugruero/wp-admin/admin-ajax.php(45): do_action('admin_init')
#5 {main}
  thrown en /var/www/html/tugruero/wp-content/plugins/yith-woocommerce-sequential-order-number-premium/plugin-fw/lib/yith-system-status.php en la línea 299

2019-08-22T18:33:57+00:00 CRITICAL Uncaught Error: Call to undefined function curl_init() in /var/www/html/tugruero/wp-content/plugins/yith-woocommerce-sequential-order-number-premium/plugin-fw/lib/yith-system-status.php:299
Stack trace:
#0 /var/www/html/tugruero/wp-content/plugins/yith-woocommerce-sequential-order-number-premium/plugin-fw/lib/yith-system-status.php(166): YITH_System_Status->get_system_info()
#1 /var/www/html/tugruero/wp-includes/class-wp-hook.php(286): YITH_System_Status->check_system_status('')
#2 /var/www/html/tugruero/wp-includes/class-wp-hook.php(310): WP_Hook->apply_filters(NULL, Array)
#3 /var/www/html/tugruero/wp-includes/plugin.php(465): WP_Hook->do_action(Array)
#4 /var/www/html/tugruero/wp-admin/admin-ajax.php(45): do_action('admin_init')
#5 {main}
  thrown en /var/www/html/tugruero/wp-content/plugins/yith-woocommerce-sequential-order-number-premium/plugin-fw/lib/yith-system-status.php en la línea 299

2019-08-22T18:34:10+00:00 CRITICAL Uncaught Error: Call to undefined function curl_init() in /var/www/html/tugruero/wp-content/plugins/yith-woocommerce-sequential-order-number-premium/plugin-fw/lib/yith-system-status.php:299
Stack trace:
#0 /var/www/html/tugruero/wp-content/plugins/yith-woocommerce-sequential-order-number-premium/plugin-fw/lib/yith-system-status.php(166): YITH_System_Status->get_system_info()
#1 /var/www/html/tugruero/wp-includes/class-wp-hook.php(286): YITH_System_Status->check_system_status('')
#2 /var/www/html/tugruero/wp-includes/class-wp-hook.php(310): WP_Hook->apply_filters(NULL, Array)
#3 /var/www/html/tugruero/wp-includes/plugin.php(465): WP_Hook->do_action(Array)
#4 /var/www/html/tugruero/wp-admin/admin-ajax.php(45): do_action('admin_init')
#5 {main}
  thrown en /var/www/html/tugruero/wp-content/plugins/yith-woocommerce-sequential-order-number-premium/plugin-fw/lib/yith-system-status.php en la línea 299

2019-08-22T18:35:08+00:00 CRITICAL Uncaught Error: Call to undefined function curl_init() in /var/www/html/tugruero/wp-content/plugins/yith-woocommerce-sequential-order-number-premium/plugin-fw/lib/yith-system-status.php:299
Stack trace:
#0 /var/www/html/tugruero/wp-content/plugins/yith-woocommerce-sequential-order-number-premium/plugin-fw/lib/yith-system-status.php(166): YITH_System_Status->get_system_info()
#1 /var/www/html/tugruero/wp-includes/class-wp-hook.php(286): YITH_System_Status->check_system_status('')
#2 /var/www/html/tugruero/wp-includes/class-wp-hook.php(310): WP_Hook->apply_filters(NULL, Array)
#3 /var/www/html/tugruero/wp-includes/plugin.php(465): WP_Hook->do_action(Array)
#4 /var/www/html/tugruero/wp-admin/admin-ajax.php(45): do_action('admin_init')
#5 {main}
  thrown en /var/www/html/tugruero/wp-content/plugins/yith-woocommerce-sequential-order-number-premium/plugin-fw/lib/yith-system-status.php en la línea 299

2019-08-22T18:35:44+00:00 CRITICAL Uncaught Error: Call to undefined function curl_init() in /var/www/html/tugruero/wp-content/plugins/yith-woocommerce-sequential-order-number-premium/plugin-fw/lib/yith-system-status.php:299
Stack trace:
#0 /var/www/html/tugruero/wp-content/plugins/yith-woocommerce-sequential-order-number-premium/plugin-fw/lib/yith-system-status.php(166): YITH_System_Status->get_system_info()
#1 /var/www/html/tugruero/wp-includes/class-wp-hook.php(286): YITH_System_Status->check_system_status('')
#2 /var/www/html/tugruero/wp-includes/class-wp-hook.php(310): WP_Hook->apply_filters(NULL, Array)
#3 /var/www/html/tugruero/wp-includes/plugin.php(465): WP_Hook->do_action(Array)
#4 /var/www/html/tugruero/wp-admin/admin-ajax.php(45): do_action('admin_init')
#5 {main}
  thrown en /var/www/html/tugruero/wp-content/plugins/yith-woocommerce-sequential-order-number-premium/plugin-fw/lib/yith-system-status.php en la línea 299

2019-08-22T18:35:58+00:00 CRITICAL Uncaught Error: Call to undefined function curl_init() in /var/www/html/tugruero/wp-content/plugins/yith-woocommerce-sequential-order-number-premium/plugin-fw/lib/yith-system-status.php:299
Stack trace:
#0 /var/www/html/tugruero/wp-content/plugins/yith-woocommerce-sequential-order-number-premium/plugin-fw/lib/yith-system-status.php(166): YITH_System_Status->get_system_info()
#1 /var/www/html/tugruero/wp-includes/class-wp-hook.php(286): YITH_System_Status->check_system_status('')
#2 /var/www/html/tugruero/wp-includes/class-wp-hook.php(310): WP_Hook->apply_filters(NULL, Array)
#3 /var/www/html/tugruero/wp-includes/plugin.php(465): WP_Hook->do_action(Array)
#4 /var/www/html/tugruero/wp-admin/admin-ajax.php(45): do_action('admin_init')
#5 {main}
  thrown en /var/www/html/tugruero/wp-content/plugins/yith-woocommerce-sequential-order-number-premium/plugin-fw/lib/yith-system-status.php en la línea 299

2019-08-22T18:36:09+00:00 CRITICAL Uncaught Error: Call to undefined function curl_init() in /var/www/html/tugruero/wp-content/plugins/yith-woocommerce-sequential-order-number-premium/plugin-fw/lib/yith-system-status.php:299
Stack trace:
#0 /var/www/html/tugruero/wp-content/plugins/yith-woocommerce-sequential-order-number-premium/plugin-fw/lib/yith-system-status.php(166): YITH_System_Status->get_system_info()
#1 /var/www/html/tugruero/wp-includes/class-wp-hook.php(286): YITH_System_Status->check_system_status('')
#2 /var/www/html/tugruero/wp-includes/class-wp-hook.php(310): WP_Hook->apply_filters(NULL, Array)
#3 /var/www/html/tugruero/wp-includes/plugin.php(465): WP_Hook->do_action(Array)
#4 /var/www/html/tugruero/wp-admin/admin-ajax.php(45): do_action('admin_init')
#5 {main}
  thrown en /var/www/html/tugruero/wp-content/plugins/yith-woocommerce-sequential-order-number-premium/plugin-fw/lib/yith-system-status.php en la línea 299

2019-08-22T18:36:51+00:00 CRITICAL Uncaught Error: Call to undefined function curl_init() in /var/www/html/tugruero/wp-content/plugins/yith-woocommerce-sequential-order-number-premium/plugin-fw/lib/yith-system-status.php:299
Stack trace:
#0 /var/www/html/tugruero/wp-content/plugins/yith-woocommerce-sequential-order-number-premium/plugin-fw/lib/yith-system-status.php(166): YITH_System_Status->get_system_info()
#1 /var/www/html/tugruero/wp-includes/class-wp-hook.php(286): YITH_System_Status->check_system_status('')
#2 /var/www/html/tugruero/wp-includes/class-wp-hook.php(310): WP_Hook->apply_filters(NULL, Array)
#3 /var/www/html/tugruero/wp-includes/plugin.php(465): WP_Hook->do_action(Array)
#4 /var/www/html/tugruero/wp-admin/admin.php(169): do_action('admin_init')
#5 /var/www/html/tugruero/wp-admin/index.php(10): require_once('/var/www/html/t...')
#6 {main}
  thrown en /var/www/html/tugruero/wp-content/plugins/yith-woocommerce-sequential-order-number-premium/plugin-fw/lib/yith-system-status.php en la línea 299

2019-08-22T18:37:07+00:00 CRITICAL Uncaught Error: Call to undefined function curl_init() in /var/www/html/tugruero/wp-content/plugins/yith-woocommerce-sequential-order-number-premium/plugin-fw/lib/yith-system-status.php:299
Stack trace:
#0 /var/www/html/tugruero/wp-content/plugins/yith-woocommerce-sequential-order-number-premium/plugin-fw/lib/yith-system-status.php(166): YITH_System_Status->get_system_info()
#1 /var/www/html/tugruero/wp-includes/class-wp-hook.php(286): YITH_System_Status->check_system_status('')
#2 /var/www/html/tugruero/wp-includes/class-wp-hook.php(310): WP_Hook->apply_filters(NULL, Array)
#3 /var/www/html/tugruero/wp-includes/plugin.php(465): WP_Hook->do_action(Array)
#4 /var/www/html/tugruero/wp-admin/admin-ajax.php(45): do_action('admin_init')
#5 {main}
  thrown en /var/www/html/tugruero/wp-content/plugins/yith-woocommerce-sequential-order-number-premium/plugin-fw/lib/yith-system-status.php en la línea 299

2019-08-22T18:37:12+00:00 CRITICAL Uncaught Error: Call to undefined function curl_init() in /var/www/html/tugruero/wp-content/plugins/yith-woocommerce-sequential-order-number-premium/plugin-fw/lib/yith-system-status.php:299
Stack trace:
#0 /var/www/html/tugruero/wp-content/plugins/yith-woocommerce-sequential-order-number-premium/plugin-fw/lib/yith-system-status.php(166): YITH_System_Status->get_system_info()
#1 /var/www/html/tugruero/wp-includes/class-wp-hook.php(286): YITH_System_Status->check_system_status('')
#2 /var/www/html/tugruero/wp-includes/class-wp-hook.php(310): WP_Hook->apply_filters(NULL, Array)
#3 /var/www/html/tugruero/wp-includes/plugin.php(465): WP_Hook->do_action(Array)
#4 /var/www/html/tugruero/wp-admin/admin-ajax.php(45): do_action('admin_init')
#5 {main}
  thrown en /var/www/html/tugruero/wp-content/plugins/yith-woocommerce-sequential-order-number-premium/plugin-fw/lib/yith-system-status.php en la línea 299

2019-08-22T18:37:18+00:00 CRITICAL Uncaught Error: Call to undefined function curl_init() in /var/www/html/tugruero/wp-content/plugins/yith-woocommerce-sequential-order-number-premium/plugin-fw/lib/yith-system-status.php:299
Stack trace:
#0 /var/www/html/tugruero/wp-content/plugins/yith-woocommerce-sequential-order-number-premium/plugin-fw/lib/yith-system-status.php(166): YITH_System_Status->get_system_info()
#1 /var/www/html/tugruero/wp-includes/class-wp-hook.php(286): YITH_System_Status->check_system_status('')
#2 /var/www/html/tugruero/wp-includes/class-wp-hook.php(310): WP_Hook->apply_filters(NULL, Array)
#3 /var/www/html/tugruero/wp-includes/plugin.php(465): WP_Hook->do_action(Array)
#4 /var/www/html/tugruero/wp-admin/admin.php(169): do_action('admin_init')
#5 /var/www/html/tugruero/wp-admin/index.php(10): require_once('/var/www/html/t...')
#6 {main}
  thrown en /var/www/html/tugruero/wp-content/plugins/yith-woocommerce-sequential-order-number-premium/plugin-fw/lib/yith-system-status.php en la línea 299

2019-08-22T18:37:27+00:00 CRITICAL Uncaught Error: Call to undefined function curl_init() in /var/www/html/tugruero/wp-content/plugins/yith-woocommerce-sequential-order-number-premium/plugin-fw/lib/yith-system-status.php:299
Stack trace:
#0 /var/www/html/tugruero/wp-content/plugins/yith-woocommerce-sequential-order-number-premium/plugin-fw/lib/yith-system-status.php(166): YITH_System_Status->get_system_info()
#1 /var/www/html/tugruero/wp-includes/class-wp-hook.php(286): YITH_System_Status->check_system_status('')
#2 /var/www/html/tugruero/wp-includes/class-wp-hook.php(310): WP_Hook->apply_filters(NULL, Array)
#3 /var/www/html/tugruero/wp-includes/plugin.php(465): WP_Hook->do_action(Array)
#4 /var/www/html/tugruero/wp-admin/admin-ajax.php(45): do_action('admin_init')
#5 {main}
  thrown en /var/www/html/tugruero/wp-content/plugins/yith-woocommerce-sequential-order-number-premium/plugin-fw/lib/yith-system-status.php en la línea 299

2019-08-22T18:37:46+00:00 CRITICAL Uncaught Error: Call to undefined function curl_init() in /var/www/html/tugruero/wp-content/plugins/yith-woocommerce-sequential-order-number-premium/plugin-fw/lib/yith-system-status.php:299
Stack trace:
#0 /var/www/html/tugruero/wp-content/plugins/yith-woocommerce-sequential-order-number-premium/plugin-fw/lib/yith-system-status.php(166): YITH_System_Status->get_system_info()
#1 /var/www/html/tugruero/wp-includes/class-wp-hook.php(286): YITH_System_Status->check_system_status('')
#2 /var/www/html/tugruero/wp-includes/class-wp-hook.php(310): WP_Hook->apply_filters(NULL, Array)
#3 /var/www/html/tugruero/wp-includes/plugin.php(465): WP_Hook->do_action(Array)
#4 /var/www/html/tugruero/wp-admin/admin-ajax.php(45): do_action('admin_init')
#5 {main}
  thrown en /var/www/html/tugruero/wp-content/plugins/yith-woocommerce-sequential-order-number-premium/plugin-fw/lib/yith-system-status.php en la línea 299

2019-08-22T18:37:53+00:00 CRITICAL Uncaught Error: Call to undefined function curl_init() in /var/www/html/tugruero/wp-content/plugins/yith-woocommerce-sequential-order-number-premium/plugin-fw/lib/yith-system-status.php:299
Stack trace:
#0 /var/www/html/tugruero/wp-content/plugins/yith-woocommerce-sequential-order-number-premium/plugin-fw/lib/yith-system-status.php(166): YITH_System_Status->get_system_info()
#1 /var/www/html/tugruero/wp-includes/class-wp-hook.php(286): YITH_System_Status->check_system_status('')
#2 /var/www/html/tugruero/wp-includes/class-wp-hook.php(310): WP_Hook->apply_filters(NULL, Array)
#3 /var/www/html/tugruero/wp-includes/plugin.php(465): WP_Hook->do_action(Array)
#4 /var/www/html/tugruero/wp-admin/admin-ajax.php(45): do_action('admin_init')
#5 {main}
  thrown en /var/www/html/tugruero/wp-content/plugins/yith-woocommerce-sequential-order-number-premium/plugin-fw/lib/yith-system-status.php en la línea 299

2019-08-22T18:37:59+00:00 CRITICAL Uncaught Error: Call to undefined function curl_init() in /var/www/html/tugruero/wp-content/plugins/yith-woocommerce-sequential-order-number-premium/plugin-fw/lib/yith-system-status.php:299
Stack trace:
#0 /var/www/html/tugruero/wp-content/plugins/yith-woocommerce-sequential-order-number-premium/plugin-fw/lib/yith-system-status.php(166): YITH_System_Status->get_system_info()
#1 /var/www/html/tugruero/wp-includes/class-wp-hook.php(286): YITH_System_Status->check_system_status('')
#2 /var/www/html/tugruero/wp-includes/class-wp-hook.php(310): WP_Hook->apply_filters(NULL, Array)
#3 /var/www/html/tugruero/wp-includes/plugin.php(465): WP_Hook->do_action(Array)
#4 /var/www/html/tugruero/wp-admin/admin-ajax.php(45): do_action('admin_init')
#5 {main}
  thrown en /var/www/html/tugruero/wp-content/plugins/yith-woocommerce-sequential-order-number-premium/plugin-fw/lib/yith-system-status.php en la línea 299

2019-08-22T18:38:09+00:00 CRITICAL Uncaught Error: Call to undefined function curl_init() in /var/www/html/tugruero/wp-content/plugins/yith-woocommerce-sequential-order-number-premium/plugin-fw/lib/yith-system-status.php:299
Stack trace:
#0 /var/www/html/tugruero/wp-content/plugins/yith-woocommerce-sequential-order-number-premium/plugin-fw/lib/yith-system-status.php(166): YITH_System_Status->get_system_info()
#1 /var/www/html/tugruero/wp-includes/class-wp-hook.php(286): YITH_System_Status->check_system_status('')
#2 /var/www/html/tugruero/wp-includes/class-wp-hook.php(310): WP_Hook->apply_filters(NULL, Array)
#3 /var/www/html/tugruero/wp-includes/plugin.php(465): WP_Hook->do_action(Array)
#4 /var/www/html/tugruero/wp-admin/admin-ajax.php(45): do_action('admin_init')
#5 {main}
  thrown en /var/www/html/tugruero/wp-content/plugins/yith-woocommerce-sequential-order-number-premium/plugin-fw/lib/yith-system-status.php en la línea 299

2019-08-22T18:38:43+00:00 CRITICAL Uncaught Error: Call to undefined function curl_init() in /var/www/html/tugruero/wp-content/plugins/yith-woocommerce-sequential-order-number-premium/plugin-fw/lib/yith-system-status.php:299
Stack trace:
#0 /var/www/html/tugruero/wp-content/plugins/yith-woocommerce-sequential-order-number-premium/plugin-fw/lib/yith-system-status.php(166): YITH_System_Status->get_system_info()
#1 /var/www/html/tugruero/wp-includes/class-wp-hook.php(286): YITH_System_Status->check_system_status('')
#2 /var/www/html/tugruero/wp-includes/class-wp-hook.php(310): WP_Hook->apply_filters(NULL, Array)
#3 /var/www/html/tugruero/wp-includes/plugin.php(465): WP_Hook->do_action(Array)
#4 /var/www/html/tugruero/wp-admin/admin-ajax.php(45): do_action('admin_init')
#5 {main}
  thrown en /var/www/html/tugruero/wp-content/plugins/yith-woocommerce-sequential-order-number-premium/plugin-fw/lib/yith-system-status.php en la línea 299

2019-08-22T18:38:55+00:00 CRITICAL Uncaught Error: Call to undefined function curl_init() in /var/www/html/tugruero/wp-content/plugins/yith-woocommerce-sequential-order-number-premium/plugin-fw/lib/yith-system-status.php:299
Stack trace:
#0 /var/www/html/tugruero/wp-content/plugins/yith-woocommerce-sequential-order-number-premium/plugin-fw/lib/yith-system-status.php(166): YITH_System_Status->get_system_info()
#1 /var/www/html/tugruero/wp-includes/class-wp-hook.php(286): YITH_System_Status->check_system_status('')
#2 /var/www/html/tugruero/wp-includes/class-wp-hook.php(310): WP_Hook->apply_filters(NULL, Array)
#3 /var/www/html/tugruero/wp-includes/plugin.php(465): WP_Hook->do_action(Array)
#4 /var/www/html/tugruero/wp-admin/admin-ajax.php(45): do_action('admin_init')
#5 {main}
  thrown en /var/www/html/tugruero/wp-content/plugins/yith-woocommerce-sequential-order-number-premium/plugin-fw/lib/yith-system-status.php en la línea 299

2019-08-22T18:39:03+00:00 CRITICAL Uncaught Error: Call to undefined function curl_init() in /var/www/html/tugruero/wp-content/plugins/yith-woocommerce-sequential-order-number-premium/plugin-fw/lib/yith-system-status.php:299
Stack trace:
#0 /var/www/html/tugruero/wp-content/plugins/yith-woocommerce-sequential-order-number-premium/plugin-fw/lib/yith-system-status.php(166): YITH_System_Status->get_system_info()
#1 /var/www/html/tugruero/wp-includes/class-wp-hook.php(286): YITH_System_Status->check_system_status('')
#2 /var/www/html/tugruero/wp-includes/class-wp-hook.php(310): WP_Hook->apply_filters(NULL, Array)
#3 /var/www/html/tugruero/wp-includes/plugin.php(465): WP_Hook->do_action(Array)
#4 /var/www/html/tugruero/wp-admin/admin.php(169): do_action('admin_init')
#5 /var/www/html/tugruero/wp-admin/plugins.php(10): require_once('/var/www/html/t...')
#6 {main}
  thrown en /var/www/html/tugruero/wp-content/plugins/yith-woocommerce-sequential-order-number-premium/plugin-fw/lib/yith-system-status.php en la línea 299

2019-08-22T18:39:10+00:00 CRITICAL Uncaught Error: Call to undefined function curl_init() in /var/www/html/tugruero/wp-content/plugins/yith-woocommerce-sequential-order-number-premium/plugin-fw/lib/yith-system-status.php:299
Stack trace:
#0 /var/www/html/tugruero/wp-content/plugins/yith-woocommerce-sequential-order-number-premium/plugin-fw/lib/yith-system-status.php(166): YITH_System_Status->get_system_info()
#1 /var/www/html/tugruero/wp-includes/class-wp-hook.php(286): YITH_System_Status->check_system_status('')
#2 /var/www/html/tugruero/wp-includes/class-wp-hook.php(310): WP_Hook->apply_filters(NULL, Array)
#3 /var/www/html/tugruero/wp-includes/plugin.php(465): WP_Hook->do_action(Array)
#4 /var/www/html/tugruero/wp-admin/admin-ajax.php(45): do_action('admin_init')
#5 {main}
  thrown en /var/www/html/tugruero/wp-content/plugins/yith-woocommerce-sequential-order-number-premium/plugin-fw/lib/yith-system-status.php en la línea 299

2019-08-22T18:40:01+00:00 CRITICAL Uncaught Error: Call to undefined function curl_init() in /var/www/html/tugruero/wp-content/plugins/yith-woocommerce-sequential-order-number-premium/plugin-fw/lib/yith-system-status.php:299
Stack trace:
#0 /var/www/html/tugruero/wp-content/plugins/yith-woocommerce-sequential-order-number-premium/plugin-fw/lib/yith-system-status.php(166): YITH_System_Status->get_system_info()
#1 /var/www/html/tugruero/wp-includes/class-wp-hook.php(286): YITH_System_Status->check_system_status('')
#2 /var/www/html/tugruero/wp-includes/class-wp-hook.php(310): WP_Hook->apply_filters(NULL, Array)
#3 /var/www/html/tugruero/wp-includes/plugin.php(465): WP_Hook->do_action(Array)
#4 /var/www/html/tugruero/wp-admin/admin-ajax.php(45): do_action('admin_init')
#5 {main}
  thrown en /var/www/html/tugruero/wp-content/plugins/yith-woocommerce-sequential-order-number-premium/plugin-fw/lib/yith-system-status.php en la línea 299

2019-08-22T18:40:01+00:00 CRITICAL Uncaught Error: Call to undefined function curl_init() in /var/www/html/tugruero/wp-content/plugins/yith-woocommerce-sequential-order-number-premium/plugin-fw/lib/yith-system-status.php:299
Stack trace:
#0 /var/www/html/tugruero/wp-content/plugins/yith-woocommerce-sequential-order-number-premium/plugin-fw/lib/yith-system-status.php(166): YITH_System_Status->get_system_info()
#1 /var/www/html/tugruero/wp-includes/class-wp-hook.php(286): YITH_System_Status->check_system_status('')
#2 /var/www/html/tugruero/wp-includes/class-wp-hook.php(310): WP_Hook->apply_filters(NULL, Array)
#3 /var/www/html/tugruero/wp-includes/plugin.php(465): WP_Hook->do_action(Array)
#4 /var/www/html/tugruero/wp-admin/admin-ajax.php(45): do_action('admin_init')
#5 {main}
  thrown en /var/www/html/tugruero/wp-content/plugins/yith-woocommerce-sequential-order-number-premium/plugin-fw/lib/yith-system-status.php en la línea 299

2019-08-22T18:40:08+00:00 CRITICAL Uncaught Error: Call to undefined function curl_init() in /var/www/html/tugruero/wp-content/plugins/yith-woocommerce-sequential-order-number-premium/plugin-fw/lib/yith-system-status.php:299
Stack trace:
#0 /var/www/html/tugruero/wp-content/plugins/yith-woocommerce-sequential-order-number-premium/plugin-fw/lib/yith-system-status.php(166): YITH_System_Status->get_system_info()
#1 /var/www/html/tugruero/wp-includes/class-wp-hook.php(286): YITH_System_Status->check_system_status('')
#2 /var/www/html/tugruero/wp-includes/class-wp-hook.php(310): WP_Hook->apply_filters(NULL, Array)
#3 /var/www/html/tugruero/wp-includes/plugin.php(465): WP_Hook->do_action(Array)
#4 /var/www/html/tugruero/wp-admin/admin-ajax.php(45): do_action('admin_init')
#5 {main}
  thrown en /var/www/html/tugruero/wp-content/plugins/yith-woocommerce-sequential-order-number-premium/plugin-fw/lib/yith-system-status.php en la línea 299

2019-08-22T18:40:09+00:00 CRITICAL Uncaught Error: Call to undefined function curl_init() in /var/www/html/tugruero/wp-content/plugins/yith-woocommerce-sequential-order-number-premium/plugin-fw/lib/yith-system-status.php:299
Stack trace:
#0 /var/www/html/tugruero/wp-content/plugins/yith-woocommerce-sequential-order-number-premium/plugin-fw/lib/yith-system-status.php(166): YITH_System_Status->get_system_info()
#1 /var/www/html/tugruero/wp-includes/class-wp-hook.php(286): YITH_System_Status->check_system_status('')
#2 /var/www/html/tugruero/wp-includes/class-wp-hook.php(310): WP_Hook->apply_filters(NULL, Array)
#3 /var/www/html/tugruero/wp-includes/plugin.php(465): WP_Hook->do_action(Array)
#4 /var/www/html/tugruero/wp-admin/admin-ajax.php(45): do_action('admin_init')
#5 {main}
  thrown en /var/www/html/tugruero/wp-content/plugins/yith-woocommerce-sequential-order-number-premium/plugin-fw/lib/yith-system-status.php en la línea 299

2019-08-22T18:40:39+00:00 CRITICAL Uncaught Error: Call to undefined function curl_init() in /var/www/html/tugruero/wp-content/plugins/yith-woocommerce-sequential-order-number-premium/plugin-fw/lib/yith-system-status.php:299
Stack trace:
#0 /var/www/html/tugruero/wp-content/plugins/yith-woocommerce-sequential-order-number-premium/plugin-fw/lib/yith-system-status.php(166): YITH_System_Status->get_system_info()
#1 /var/www/html/tugruero/wp-includes/class-wp-hook.php(286): YITH_System_Status->check_system_status('')
#2 /var/www/html/tugruero/wp-includes/class-wp-hook.php(310): WP_Hook->apply_filters(NULL, Array)
#3 /var/www/html/tugruero/wp-includes/plugin.php(465): WP_Hook->do_action(Array)
#4 /var/www/html/tugruero/wp-admin/admin.php(169): do_action('admin_init')
#5 /var/www/html/tugruero/wp-admin/index.php(10): require_once('/var/www/html/t...')
#6 {main}
  thrown en /var/www/html/tugruero/wp-content/plugins/yith-woocommerce-sequential-order-number-premium/plugin-fw/lib/yith-system-status.php en la línea 299

2019-08-22T18:41:02+00:00 CRITICAL Uncaught Error: Call to undefined function curl_init() in /var/www/html/tugruero/wp-content/plugins/yith-woocommerce-sequential-order-number-premium/plugin-fw/lib/yith-system-status.php:299
Stack trace:
#0 /var/www/html/tugruero/wp-content/plugins/yith-woocommerce-sequential-order-number-premium/plugin-fw/lib/yith-system-status.php(166): YITH_System_Status->get_system_info()
#1 /var/www/html/tugruero/wp-includes/class-wp-hook.php(286): YITH_System_Status->check_system_status('')
#2 /var/www/html/tugruero/wp-includes/class-wp-hook.php(310): WP_Hook->apply_filters(NULL, Array)
#3 /var/www/html/tugruero/wp-includes/plugin.php(465): WP_Hook->do_action(Array)
#4 /var/www/html/tugruero/wp-admin/admin-ajax.php(45): do_action('admin_init')
#5 {main}
  thrown en /var/www/html/tugruero/wp-content/plugins/yith-woocommerce-sequential-order-number-premium/plugin-fw/lib/yith-system-status.php en la línea 299

2019-08-22T18:41:33+00:00 CRITICAL Uncaught Error: Call to undefined function curl_init() in /var/www/html/tugruero/wp-content/plugins/yith-woocommerce-sequential-order-number-premium/plugin-fw/lib/yith-system-status.php:299
Stack trace:
#0 /var/www/html/tugruero/wp-content/plugins/yith-woocommerce-sequential-order-number-premium/plugin-fw/lib/yith-system-status.php(166): YITH_System_Status->get_system_info()
#1 /var/www/html/tugruero/wp-includes/class-wp-hook.php(286): YITH_System_Status->check_system_status('')
#2 /var/www/html/tugruero/wp-includes/class-wp-hook.php(310): WP_Hook->apply_filters(NULL, Array)
#3 /var/www/html/tugruero/wp-includes/plugin.php(465): WP_Hook->do_action(Array)
#4 /var/www/html/tugruero/wp-admin/admin.php(169): do_action('admin_init')
#5 /var/www/html/tugruero/wp-admin/edit.php(10): require_once('/var/www/html/t...')
#6 {main}
  thrown en /var/www/html/tugruero/wp-content/plugins/yith-woocommerce-sequential-order-number-premium/plugin-fw/lib/yith-system-status.php en la línea 299

2019-08-22T18:42:00+00:00 CRITICAL Uncaught Error: Call to undefined function curl_init() in /var/www/html/tugruero/wp-content/plugins/yith-woocommerce-sequential-order-number-premium/plugin-fw/lib/yith-system-status.php:299
Stack trace:
#0 /var/www/html/tugruero/wp-content/plugins/yith-woocommerce-sequential-order-number-premium/plugin-fw/lib/yith-system-status.php(166): YITH_System_Status->get_system_info()
#1 /var/www/html/tugruero/wp-includes/class-wp-hook.php(286): YITH_System_Status->check_system_status('')
#2 /var/www/html/tugruero/wp-includes/class-wp-hook.php(310): WP_Hook->apply_filters(NULL, Array)
#3 /var/www/html/tugruero/wp-includes/plugin.php(465): WP_Hook->do_action(Array)
#4 /var/www/html/tugruero/wp-admin/admin-ajax.php(45): do_action('admin_init')
#5 {main}
  thrown en /var/www/html/tugruero/wp-content/plugins/yith-woocommerce-sequential-order-number-premium/plugin-fw/lib/yith-system-status.php en la línea 299

2019-08-22T18:42:09+00:00 CRITICAL Uncaught Error: Call to undefined function curl_init() in /var/www/html/tugruero/wp-content/plugins/yith-woocommerce-sequential-order-number-premium/plugin-fw/lib/yith-system-status.php:299
Stack trace:
#0 /var/www/html/tugruero/wp-content/plugins/yith-woocommerce-sequential-order-number-premium/plugin-fw/lib/yith-system-status.php(166): YITH_System_Status->get_system_info()
#1 /var/www/html/tugruero/wp-includes/class-wp-hook.php(286): YITH_System_Status->check_system_status('')
#2 /var/www/html/tugruero/wp-includes/class-wp-hook.php(310): WP_Hook->apply_filters(NULL, Array)
#3 /var/www/html/tugruero/wp-includes/plugin.php(465): WP_Hook->do_action(Array)
#4 /var/www/html/tugruero/wp-admin/admin-ajax.php(45): do_action('admin_init')
#5 {main}
  thrown en /var/www/html/tugruero/wp-content/plugins/yith-woocommerce-sequential-order-number-premium/plugin-fw/lib/yith-system-status.php en la línea 299

2019-08-22T18:42:09+00:00 CRITICAL Uncaught Error: Call to undefined function curl_init() in /var/www/html/tugruero/wp-content/plugins/yith-woocommerce-sequential-order-number-premium/plugin-fw/lib/yith-system-status.php:299
Stack trace:
#0 /var/www/html/tugruero/wp-content/plugins/yith-woocommerce-sequential-order-number-premium/plugin-fw/lib/yith-system-status.php(166): YITH_System_Status->get_system_info()
#1 /var/www/html/tugruero/wp-includes/class-wp-hook.php(286): YITH_System_Status->check_system_status('')
#2 /var/www/html/tugruero/wp-includes/class-wp-hook.php(310): WP_Hook->apply_filters(NULL, Array)
#3 /var/www/html/tugruero/wp-includes/plugin.php(465): WP_Hook->do_action(Array)
#4 /var/www/html/tugruero/wp-admin/admin-ajax.php(45): do_action('admin_init')
#5 {main}
  thrown en /var/www/html/tugruero/wp-content/plugins/yith-woocommerce-sequential-order-number-premium/plugin-fw/lib/yith-system-status.php en la línea 299

2019-08-22T18:42:24+00:00 CRITICAL Uncaught Error: Call to undefined function curl_init() in /var/www/html/tugruero/wp-content/plugins/yith-woocommerce-sequential-order-number-premium/plugin-fw/lib/yith-system-status.php:299
Stack trace:
#0 /var/www/html/tugruero/wp-content/plugins/yith-woocommerce-sequential-order-number-premium/plugin-fw/lib/yith-system-status.php(166): YITH_System_Status->get_system_info()
#1 /var/www/html/tugruero/wp-includes/class-wp-hook.php(286): YITH_System_Status->check_system_status('')
#2 /var/www/html/tugruero/wp-includes/class-wp-hook.php(310): WP_Hook->apply_filters(NULL, Array)
#3 /var/www/html/tugruero/wp-includes/plugin.php(465): WP_Hook->do_action(Array)
#4 /var/www/html/tugruero/wp-admin/admin-ajax.php(45): do_action('admin_init')
#5 {main}
  thrown en /var/www/html/tugruero/wp-content/plugins/yith-woocommerce-sequential-order-number-premium/plugin-fw/lib/yith-system-status.php en la línea 299

2019-08-22T18:42:30+00:00 CRITICAL Uncaught Error: Call to undefined function curl_init() in /var/www/html/tugruero/wp-content/plugins/yith-woocommerce-sequential-order-number-premium/plugin-fw/lib/yith-system-status.php:299
Stack trace:
#0 /var/www/html/tugruero/wp-content/plugins/yith-woocommerce-sequential-order-number-premium/plugin-fw/lib/yith-system-status.php(166): YITH_System_Status->get_system_info()
#1 /var/www/html/tugruero/wp-includes/class-wp-hook.php(286): YITH_System_Status->check_system_status('')
#2 /var/www/html/tugruero/wp-includes/class-wp-hook.php(310): WP_Hook->apply_filters(NULL, Array)
#3 /var/www/html/tugruero/wp-includes/plugin.php(465): WP_Hook->do_action(Array)
#4 /var/www/html/tugruero/wp-admin/admin-ajax.php(45): do_action('admin_init')
#5 {main}
  thrown en /var/www/html/tugruero/wp-content/plugins/yith-woocommerce-sequential-order-number-premium/plugin-fw/lib/yith-system-status.php en la línea 299

2019-08-22T18:42:31+00:00 CRITICAL Uncaught Error: Call to undefined function curl_init() in /var/www/html/tugruero/wp-content/plugins/yith-woocommerce-sequential-order-number-premium/plugin-fw/lib/yith-system-status.php:299
Stack trace:
#0 /var/www/html/tugruero/wp-content/plugins/yith-woocommerce-sequential-order-number-premium/plugin-fw/lib/yith-system-status.php(166): YITH_System_Status->get_system_info()
#1 /var/www/html/tugruero/wp-includes/class-wp-hook.php(286): YITH_System_Status->check_system_status('')
#2 /var/www/html/tugruero/wp-includes/class-wp-hook.php(310): WP_Hook->apply_filters(NULL, Array)
#3 /var/www/html/tugruero/wp-includes/plugin.php(465): WP_Hook->do_action(Array)
#4 /var/www/html/tugruero/wp-admin/admin-ajax.php(45): do_action('admin_init')
#5 {main}
  thrown en /var/www/html/tugruero/wp-content/plugins/yith-woocommerce-sequential-order-number-premium/plugin-fw/lib/yith-system-status.php en la línea 299

2019-08-22T18:42:32+00:00 CRITICAL Uncaught Error: Call to undefined function curl_init() in /var/www/html/tugruero/wp-content/plugins/yith-woocommerce-sequential-order-number-premium/plugin-fw/lib/yith-system-status.php:299
Stack trace:
#0 /var/www/html/tugruero/wp-content/plugins/yith-woocommerce-sequential-order-number-premium/plugin-fw/lib/yith-system-status.php(166): YITH_System_Status->get_system_info()
#1 /var/www/html/tugruero/wp-includes/class-wp-hook.php(286): YITH_System_Status->check_system_status('')
#2 /var/www/html/tugruero/wp-includes/class-wp-hook.php(310): WP_Hook->apply_filters(NULL, Array)
#3 /var/www/html/tugruero/wp-includes/plugin.php(465): WP_Hook->do_action(Array)
#4 /var/www/html/tugruero/wp-admin/admin-ajax.php(45): do_action('admin_init')
#5 {main}
  thrown en /var/www/html/tugruero/wp-content/plugins/yith-woocommerce-sequential-order-number-premium/plugin-fw/lib/yith-system-status.php en la línea 299

2019-08-22T18:42:34+00:00 CRITICAL Uncaught Error: Call to undefined function curl_init() in /var/www/html/tugruero/wp-content/plugins/yith-woocommerce-sequential-order-number-premium/plugin-fw/lib/yith-system-status.php:299
Stack trace:
#0 /var/www/html/tugruero/wp-content/plugins/yith-woocommerce-sequential-order-number-premium/plugin-fw/lib/yith-system-status.php(166): YITH_System_Status->get_system_info()
#1 /var/www/html/tugruero/wp-includes/class-wp-hook.php(286): YITH_System_Status->check_system_status('')
#2 /var/www/html/tugruero/wp-includes/class-wp-hook.php(310): WP_Hook->apply_filters(NULL, Array)
#3 /var/www/html/tugruero/wp-includes/plugin.php(465): WP_Hook->do_action(Array)
#4 /var/www/html/tugruero/wp-admin/admin-ajax.php(45): do_action('admin_init')
#5 {main}
  thrown en /var/www/html/tugruero/wp-content/plugins/yith-woocommerce-sequential-order-number-premium/plugin-fw/lib/yith-system-status.php en la línea 299

2019-08-22T18:42:37+00:00 CRITICAL Uncaught Error: Call to undefined function curl_init() in /var/www/html/tugruero/wp-content/plugins/yith-woocommerce-sequential-order-number-premium/plugin-fw/lib/yith-system-status.php:299
Stack trace:
#0 /var/www/html/tugruero/wp-content/plugins/yith-woocommerce-sequential-order-number-premium/plugin-fw/lib/yith-system-status.php(166): YITH_System_Status->get_system_info()
#1 /var/www/html/tugruero/wp-includes/class-wp-hook.php(286): YITH_System_Status->check_system_status('')
#2 /var/www/html/tugruero/wp-includes/class-wp-hook.php(310): WP_Hook->apply_filters(NULL, Array)
#3 /var/www/html/tugruero/wp-includes/plugin.php(465): WP_Hook->do_action(Array)
#4 /var/www/html/tugruero/wp-admin/admin-ajax.php(45): do_action('admin_init')
#5 {main}
  thrown en /var/www/html/tugruero/wp-content/plugins/yith-woocommerce-sequential-order-number-premium/plugin-fw/lib/yith-system-status.php en la línea 299

2019-08-22T18:42:48+00:00 CRITICAL Uncaught Error: Call to undefined function curl_init() in /var/www/html/tugruero/wp-content/plugins/yith-woocommerce-sequential-order-number-premium/plugin-fw/lib/yith-system-status.php:299
Stack trace:
#0 /var/www/html/tugruero/wp-content/plugins/yith-woocommerce-sequential-order-number-premium/plugin-fw/lib/yith-system-status.php(166): YITH_System_Status->get_system_info()
#1 /var/www/html/tugruero/wp-includes/class-wp-hook.php(286): YITH_System_Status->check_system_status('')
#2 /var/www/html/tugruero/wp-includes/class-wp-hook.php(310): WP_Hook->apply_filters(NULL, Array)
#3 /var/www/html/tugruero/wp-includes/plugin.php(465): WP_Hook->do_action(Array)
#4 /var/www/html/tugruero/wp-admin/admin-ajax.php(45): do_action('admin_init')
#5 {main}
  thrown en /var/www/html/tugruero/wp-content/plugins/yith-woocommerce-sequential-order-number-premium/plugin-fw/lib/yith-system-status.php en la línea 299

2019-08-22T18:42:50+00:00 CRITICAL Uncaught Error: Call to undefined function curl_init() in /var/www/html/tugruero/wp-content/plugins/yith-woocommerce-sequential-order-number-premium/plugin-fw/lib/yith-system-status.php:299
Stack trace:
#0 /var/www/html/tugruero/wp-content/plugins/yith-woocommerce-sequential-order-number-premium/plugin-fw/lib/yith-system-status.php(166): YITH_System_Status->get_system_info()
#1 /var/www/html/tugruero/wp-includes/class-wp-hook.php(286): YITH_System_Status->check_system_status('')
#2 /var/www/html/tugruero/wp-includes/class-wp-hook.php(310): WP_Hook->apply_filters(NULL, Array)
#3 /var/www/html/tugruero/wp-includes/plugin.php(465): WP_Hook->do_action(Array)
#4 /var/www/html/tugruero/wp-admin/admin-ajax.php(45): do_action('admin_init')
#5 {main}
  thrown en /var/www/html/tugruero/wp-content/plugins/yith-woocommerce-sequential-order-number-premium/plugin-fw/lib/yith-system-status.php en la línea 299

2019-08-22T18:42:54+00:00 CRITICAL Uncaught Error: Call to undefined function curl_init() in /var/www/html/tugruero/wp-content/plugins/yith-woocommerce-sequential-order-number-premium/plugin-fw/lib/yith-system-status.php:299
Stack trace:
#0 /var/www/html/tugruero/wp-content/plugins/yith-woocommerce-sequential-order-number-premium/plugin-fw/lib/yith-system-status.php(166): YITH_System_Status->get_system_info()
#1 /var/www/html/tugruero/wp-includes/class-wp-hook.php(286): YITH_System_Status->check_system_status('')
#2 /var/www/html/tugruero/wp-includes/class-wp-hook.php(310): WP_Hook->apply_filters(NULL, Array)
#3 /var/www/html/tugruero/wp-includes/plugin.php(465): WP_Hook->do_action(Array)
#4 /var/www/html/tugruero/wp-admin/admin-ajax.php(45): do_action('admin_init')
#5 {main}
  thrown en /var/www/html/tugruero/wp-content/plugins/yith-woocommerce-sequential-order-number-premium/plugin-fw/lib/yith-system-status.php en la línea 299

2019-08-22T18:42:58+00:00 CRITICAL Uncaught Error: Call to undefined function curl_init() in /var/www/html/tugruero/wp-content/plugins/yith-woocommerce-sequential-order-number-premium/plugin-fw/lib/yith-system-status.php:299
Stack trace:
#0 /var/www/html/tugruero/wp-content/plugins/yith-woocommerce-sequential-order-number-premium/plugin-fw/lib/yith-system-status.php(166): YITH_System_Status->get_system_info()
#1 /var/www/html/tugruero/wp-includes/class-wp-hook.php(286): YITH_System_Status->check_system_status('')
#2 /var/www/html/tugruero/wp-includes/class-wp-hook.php(310): WP_Hook->apply_filters(NULL, Array)
#3 /var/www/html/tugruero/wp-includes/plugin.php(465): WP_Hook->do_action(Array)
#4 /var/www/html/tugruero/wp-admin/admin-ajax.php(45): do_action('admin_init')
#5 {main}
  thrown en /var/www/html/tugruero/wp-content/plugins/yith-woocommerce-sequential-order-number-premium/plugin-fw/lib/yith-system-status.php en la línea 299

2019-08-22T18:42:59+00:00 CRITICAL Uncaught Error: Call to undefined function curl_init() in /var/www/html/tugruero/wp-content/plugins/yith-woocommerce-sequential-order-number-premium/plugin-fw/lib/yith-system-status.php:299
Stack trace:
#0 /var/www/html/tugruero/wp-content/plugins/yith-woocommerce-sequential-order-number-premium/plugin-fw/lib/yith-system-status.php(166): YITH_System_Status->get_system_info()
#1 /var/www/html/tugruero/wp-includes/class-wp-hook.php(286): YITH_System_Status->check_system_status('')
#2 /var/www/html/tugruero/wp-includes/class-wp-hook.php(310): WP_Hook->apply_filters(NULL, Array)
#3 /var/www/html/tugruero/wp-includes/plugin.php(465): WP_Hook->do_action(Array)
#4 /var/www/html/tugruero/wp-admin/admin.php(169): do_action('admin_init')
#5 /var/www/html/tugruero/wp-admin/post.php(12): require_once('/var/www/html/t...')
#6 {main}
  thrown en /var/www/html/tugruero/wp-content/plugins/yith-woocommerce-sequential-order-number-premium/plugin-fw/lib/yith-system-status.php en la línea 299

2019-08-22T18:43:00+00:00 CRITICAL Uncaught Error: Call to undefined function curl_init() in /var/www/html/tugruero/wp-content/plugins/yith-woocommerce-sequential-order-number-premium/plugin-fw/lib/yith-system-status.php:299
Stack trace:
#0 /var/www/html/tugruero/wp-content/plugins/yith-woocommerce-sequential-order-number-premium/plugin-fw/lib/yith-system-status.php(166): YITH_System_Status->get_system_info()
#1 /var/www/html/tugruero/wp-includes/class-wp-hook.php(286): YITH_System_Status->check_system_status('')
#2 /var/www/html/tugruero/wp-includes/class-wp-hook.php(310): WP_Hook->apply_filters(NULL, Array)
#3 /var/www/html/tugruero/wp-includes/plugin.php(465): WP_Hook->do_action(Array)
#4 /var/www/html/tugruero/wp-admin/admin-ajax.php(45): do_action('admin_init')
#5 {main}
  thrown en /var/www/html/tugruero/wp-content/plugins/yith-woocommerce-sequential-order-number-premium/plugin-fw/lib/yith-system-status.php en la línea 299

2019-08-22T18:43:03+00:00 CRITICAL Uncaught Error: Call to undefined function curl_init() in /var/www/html/tugruero/wp-content/plugins/yith-woocommerce-sequential-order-number-premium/plugin-fw/lib/yith-system-status.php:299
Stack trace:
#0 /var/www/html/tugruero/wp-content/plugins/yith-woocommerce-sequential-order-number-premium/plugin-fw/lib/yith-system-status.php(166): YITH_System_Status->get_system_info()
#1 /var/www/html/tugruero/wp-includes/class-wp-hook.php(286): YITH_System_Status->check_system_status('')
#2 /var/www/html/tugruero/wp-includes/class-wp-hook.php(310): WP_Hook->apply_filters(NULL, Array)
#3 /var/www/html/tugruero/wp-includes/plugin.php(465): WP_Hook->do_action(Array)
#4 /var/www/html/tugruero/wp-admin/admin-ajax.php(45): do_action('admin_init')
#5 {main}
  thrown en /var/www/html/tugruero/wp-content/plugins/yith-woocommerce-sequential-order-number-premium/plugin-fw/lib/yith-system-status.php en la línea 299

2019-08-22T18:43:04+00:00 CRITICAL Uncaught Error: Call to undefined function curl_init() in /var/www/html/tugruero/wp-content/plugins/yith-woocommerce-sequential-order-number-premium/plugin-fw/lib/yith-system-status.php:299
Stack trace:
#0 /var/www/html/tugruero/wp-content/plugins/yith-woocommerce-sequential-order-number-premium/plugin-fw/lib/yith-system-status.php(166): YITH_System_Status->get_system_info()
#1 /var/www/html/tugruero/wp-includes/class-wp-hook.php(286): YITH_System_Status->check_system_status('')
#2 /var/www/html/tugruero/wp-includes/class-wp-hook.php(310): WP_Hook->apply_filters(NULL, Array)
#3 /var/www/html/tugruero/wp-includes/plugin.php(465): WP_Hook->do_action(Array)
#4 /var/www/html/tugruero/wp-admin/admin-ajax.php(45): do_action('admin_init')
#5 {main}
  thrown en /var/www/html/tugruero/wp-content/plugins/yith-woocommerce-sequential-order-number-premium/plugin-fw/lib/yith-system-status.php en la línea 299

