2019-07-19T15:45:17+00:00 CRITICAL Uncaught Error: Call to a member function is_validated() on null in /var/www/html/tugruero/wp-content/plugins/yith-woocommerce-uploads-premium/lib/class.yith-woocommerce-additional-uploads-premium.php:1450
Stack trace:
#0 /var/www/html/tugruero/wp-includes/class-wp-hook.php(286): YITH_WooCommerce_Additional_Uploads_Premium->save_uploaded_files('')
#1 /var/www/html/tugruero/wp-includes/class-wp-hook.php(310): WP_Hook->apply_filters('', Array)
#2 /var/www/html/tugruero/wp-includes/plugin.php(465): WP_Hook->do_action(Array)
#3 /var/www/html/tugruero/wp-content/plugins/yith-woocommerce-uploads-premium/lib/class.yith-woocommerce-additional-uploads-premium.php(1359): do_action('yith_woocommerc...')
#4 /var/www/html/tugruero/wp-includes/class-wp-hook.php(286): YITH_WooCommerce_Additional_Uploads_Premium->on_plugin_init('')
#5 /var/www/html/tugruero/wp-includes/class-wp-hook.php(310): WP_Hook->apply_filters(NULL, Array)
#6 /var/www/html/tugruero/wp-includes/plugin.php(465): WP_Hook->do_action(Array)
#7 /var/www/html/ en /var/www/html/tugruero/wp-content/plugins/yith-woocommerce-uploads-premium/lib/class.yith-woocommerce-additional-uploads-premium.php en la línea 1450

2019-07-19T15:47:26+00:00 CRITICAL Uncaught Error: Call to a member function is_validated() on null in /var/www/html/tugruero/wp-content/plugins/yith-woocommerce-uploads-premium/lib/class.yith-woocommerce-additional-uploads-premium.php:1450
Stack trace:
#0 /var/www/html/tugruero/wp-includes/class-wp-hook.php(286): YITH_WooCommerce_Additional_Uploads_Premium->save_uploaded_files('')
#1 /var/www/html/tugruero/wp-includes/class-wp-hook.php(310): WP_Hook->apply_filters('', Array)
#2 /var/www/html/tugruero/wp-includes/plugin.php(465): WP_Hook->do_action(Array)
#3 /var/www/html/tugruero/wp-content/plugins/yith-woocommerce-uploads-premium/lib/class.yith-woocommerce-additional-uploads-premium.php(1359): do_action('yith_woocommerc...')
#4 /var/www/html/tugruero/wp-includes/class-wp-hook.php(286): YITH_WooCommerce_Additional_Uploads_Premium->on_plugin_init('')
#5 /var/www/html/tugruero/wp-includes/class-wp-hook.php(310): WP_Hook->apply_filters(NULL, Array)
#6 /var/www/html/tugruero/wp-includes/plugin.php(465): WP_Hook->do_action(Array)
#7 /var/www/html/ en /var/www/html/tugruero/wp-content/plugins/yith-woocommerce-uploads-premium/lib/class.yith-woocommerce-additional-uploads-premium.php en la línea 1450

2019-07-19T15:48:24+00:00 CRITICAL Uncaught Error: Call to a member function is_validated() on null in /var/www/html/tugruero/wp-content/plugins/yith-woocommerce-uploads-premium/lib/class.yith-woocommerce-additional-uploads-premium.php:1450
Stack trace:
#0 /var/www/html/tugruero/wp-includes/class-wp-hook.php(286): YITH_WooCommerce_Additional_Uploads_Premium->save_uploaded_files('')
#1 /var/www/html/tugruero/wp-includes/class-wp-hook.php(310): WP_Hook->apply_filters('', Array)
#2 /var/www/html/tugruero/wp-includes/plugin.php(465): WP_Hook->do_action(Array)
#3 /var/www/html/tugruero/wp-content/plugins/yith-woocommerce-uploads-premium/lib/class.yith-woocommerce-additional-uploads-premium.php(1359): do_action('yith_woocommerc...')
#4 /var/www/html/tugruero/wp-includes/class-wp-hook.php(286): YITH_WooCommerce_Additional_Uploads_Premium->on_plugin_init('')
#5 /var/www/html/tugruero/wp-includes/class-wp-hook.php(310): WP_Hook->apply_filters(NULL, Array)
#6 /var/www/html/tugruero/wp-includes/plugin.php(465): WP_Hook->do_action(Array)
#7 /var/www/html/ en /var/www/html/tugruero/wp-content/plugins/yith-woocommerce-uploads-premium/lib/class.yith-woocommerce-additional-uploads-premium.php en la línea 1450

2019-07-19T15:56:18+00:00 CRITICAL Uncaught Error: Call to a member function is_validated() on null in /var/www/html/tugruero/wp-content/plugins/yith-woocommerce-uploads-premium/lib/class.yith-woocommerce-additional-uploads-premium.php:1450
Stack trace:
#0 /var/www/html/tugruero/wp-includes/class-wp-hook.php(286): YITH_WooCommerce_Additional_Uploads_Premium->save_uploaded_files('')
#1 /var/www/html/tugruero/wp-includes/class-wp-hook.php(310): WP_Hook->apply_filters('', Array)
#2 /var/www/html/tugruero/wp-includes/plugin.php(465): WP_Hook->do_action(Array)
#3 /var/www/html/tugruero/wp-content/plugins/yith-woocommerce-uploads-premium/lib/class.yith-woocommerce-additional-uploads-premium.php(1359): do_action('yith_woocommerc...')
#4 /var/www/html/tugruero/wp-includes/class-wp-hook.php(286): YITH_WooCommerce_Additional_Uploads_Premium->on_plugin_init('')
#5 /var/www/html/tugruero/wp-includes/class-wp-hook.php(310): WP_Hook->apply_filters(NULL, Array)
#6 /var/www/html/tugruero/wp-includes/plugin.php(465): WP_Hook->do_action(Array)
#7 /var/www/html/ en /var/www/html/tugruero/wp-content/plugins/yith-woocommerce-uploads-premium/lib/class.yith-woocommerce-additional-uploads-premium.php en la línea 1450

2019-07-19T15:59:28+00:00 CRITICAL Uncaught Error: Call to a member function is_validated() on null in /var/www/html/tugruero/wp-content/plugins/yith-woocommerce-uploads-premium/lib/class.yith-woocommerce-additional-uploads-premium.php:1450
Stack trace:
#0 /var/www/html/tugruero/wp-includes/class-wp-hook.php(286): YITH_WooCommerce_Additional_Uploads_Premium->save_uploaded_files('')
#1 /var/www/html/tugruero/wp-includes/class-wp-hook.php(310): WP_Hook->apply_filters('', Array)
#2 /var/www/html/tugruero/wp-includes/plugin.php(465): WP_Hook->do_action(Array)
#3 /var/www/html/tugruero/wp-content/plugins/yith-woocommerce-uploads-premium/lib/class.yith-woocommerce-additional-uploads-premium.php(1359): do_action('yith_woocommerc...')
#4 /var/www/html/tugruero/wp-includes/class-wp-hook.php(286): YITH_WooCommerce_Additional_Uploads_Premium->on_plugin_init('')
#5 /var/www/html/tugruero/wp-includes/class-wp-hook.php(310): WP_Hook->apply_filters(NULL, Array)
#6 /var/www/html/tugruero/wp-includes/plugin.php(465): WP_Hook->do_action(Array)
#7 /var/www/html/ en /var/www/html/tugruero/wp-content/plugins/yith-woocommerce-uploads-premium/lib/class.yith-woocommerce-additional-uploads-premium.php en la línea 1450

2019-07-19T16:03:54+00:00 CRITICAL Uncaught Error: Call to a member function is_validated() on null in /var/www/html/tugruero/wp-content/plugins/yith-woocommerce-uploads-premium/lib/class.yith-woocommerce-additional-uploads-premium.php:1450
Stack trace:
#0 /var/www/html/tugruero/wp-includes/class-wp-hook.php(286): YITH_WooCommerce_Additional_Uploads_Premium->save_uploaded_files('')
#1 /var/www/html/tugruero/wp-includes/class-wp-hook.php(310): WP_Hook->apply_filters('', Array)
#2 /var/www/html/tugruero/wp-includes/plugin.php(465): WP_Hook->do_action(Array)
#3 /var/www/html/tugruero/wp-content/plugins/yith-woocommerce-uploads-premium/lib/class.yith-woocommerce-additional-uploads-premium.php(1359): do_action('yith_woocommerc...')
#4 /var/www/html/tugruero/wp-includes/class-wp-hook.php(286): YITH_WooCommerce_Additional_Uploads_Premium->on_plugin_init('')
#5 /var/www/html/tugruero/wp-includes/class-wp-hook.php(310): WP_Hook->apply_filters(NULL, Array)
#6 /var/www/html/tugruero/wp-includes/plugin.php(465): WP_Hook->do_action(Array)
#7 /var/www/html/ en /var/www/html/tugruero/wp-content/plugins/yith-woocommerce-uploads-premium/lib/class.yith-woocommerce-additional-uploads-premium.php en la línea 1450

2019-07-19T16:05:41+00:00 CRITICAL Uncaught Error: Call to a member function is_validated() on null in /var/www/html/tugruero/wp-content/plugins/yith-woocommerce-uploads-premium/lib/class.yith-woocommerce-additional-uploads-premium.php:1450
Stack trace:
#0 /var/www/html/tugruero/wp-includes/class-wp-hook.php(286): YITH_WooCommerce_Additional_Uploads_Premium->save_uploaded_files('')
#1 /var/www/html/tugruero/wp-includes/class-wp-hook.php(310): WP_Hook->apply_filters('', Array)
#2 /var/www/html/tugruero/wp-includes/plugin.php(465): WP_Hook->do_action(Array)
#3 /var/www/html/tugruero/wp-content/plugins/yith-woocommerce-uploads-premium/lib/class.yith-woocommerce-additional-uploads-premium.php(1359): do_action('yith_woocommerc...')
#4 /var/www/html/tugruero/wp-includes/class-wp-hook.php(286): YITH_WooCommerce_Additional_Uploads_Premium->on_plugin_init('')
#5 /var/www/html/tugruero/wp-includes/class-wp-hook.php(310): WP_Hook->apply_filters(NULL, Array)
#6 /var/www/html/tugruero/wp-includes/plugin.php(465): WP_Hook->do_action(Array)
#7 /var/www/html/ en /var/www/html/tugruero/wp-content/plugins/yith-woocommerce-uploads-premium/lib/class.yith-woocommerce-additional-uploads-premium.php en la línea 1450

