2019-07-09T20:17:03+00:00 CRITICAL Uncaught Error: Call to a member function get_items() on boolean in D:\wamp64\www\tugruero\wp-content\plugins\woo-doc\woo-doc.php:42
Stack trace:
#0 D:\wamp64\www\tugruero\wp-includes\class-wp-hook.php(286): lwc_get_opciones_de_admin('')
#1 D:\wamp64\www\tugruero\wp-includes\class-wp-hook.php(310): WP_Hook->apply_filters('', Array)
#2 D:\wamp64\www\tugruero\wp-includes\plugin.php(465): WP_Hook->do_action(Array)
#3 D:\wamp64\www\tugruero\wp-admin\admin.php(253): do_action('settings_page_l...')
#4 D:\wamp64\www\tugruero\wp-admin\options-general.php(10): require_once('D:\\wamp64\\www\\t...')
#5 {main}
  thrown en D:\wamp64\www\tugruero\wp-content\plugins\woo-doc\woo-doc.php en la línea 42

2019-07-09T20:18:03+00:00 CRITICAL Uncaught Error: Call to a member function get_items() on null in D:\wamp64\www\tugruero\wp-content\plugins\woo-doc\woo-doc.php:25
Stack trace:
#0 D:\wamp64\www\tugruero\wp-includes\class-wp-hook.php(286): lwc_get_opciones_de_admin('')
#1 D:\wamp64\www\tugruero\wp-includes\class-wp-hook.php(310): WP_Hook->apply_filters('', Array)
#2 D:\wamp64\www\tugruero\wp-includes\plugin.php(465): WP_Hook->do_action(Array)
#3 D:\wamp64\www\tugruero\wp-admin\admin.php(253): do_action('settings_page_l...')
#4 D:\wamp64\www\tugruero\wp-admin\options-general.php(10): require_once('D:\\wamp64\\www\\t...')
#5 {main}
  thrown en D:\wamp64\www\tugruero\wp-content\plugins\woo-doc\woo-doc.php en la línea 25

2019-07-09T20:22:26+00:00 CRITICAL Uncaught Error: Cannot instantiate abstract class WC_Abstract_Order in D:\wamp64\www\tugruero\wp-content\plugins\woo-doc\woo-doc.php:25
Stack trace:
#0 D:\wamp64\www\tugruero\wp-includes\class-wp-hook.php(286): lwc_get_opciones_de_admin('')
#1 D:\wamp64\www\tugruero\wp-includes\class-wp-hook.php(310): WP_Hook->apply_filters('', Array)
#2 D:\wamp64\www\tugruero\wp-includes\plugin.php(465): WP_Hook->do_action(Array)
#3 D:\wamp64\www\tugruero\wp-admin\admin.php(253): do_action('settings_page_l...')
#4 D:\wamp64\www\tugruero\wp-admin\options-general.php(10): require_once('D:\\wamp64\\www\\t...')
#5 {main}
  thrown en D:\wamp64\www\tugruero\wp-content\plugins\woo-doc\woo-doc.php en la línea 25

2019-07-09T20:22:52+00:00 CRITICAL Uncaught Error: Cannot instantiate abstract class WC_Abstract_Order in D:\wamp64\www\tugruero\wp-content\plugins\woo-doc\woo-doc.php:25
Stack trace:
#0 D:\wamp64\www\tugruero\wp-includes\class-wp-hook.php(286): lwc_get_opciones_de_admin('')
#1 D:\wamp64\www\tugruero\wp-includes\class-wp-hook.php(310): WP_Hook->apply_filters('', Array)
#2 D:\wamp64\www\tugruero\wp-includes\plugin.php(465): WP_Hook->do_action(Array)
#3 D:\wamp64\www\tugruero\wp-admin\admin.php(253): do_action('settings_page_l...')
#4 D:\wamp64\www\tugruero\wp-admin\options-general.php(10): require_once('D:\\wamp64\\www\\t...')
#5 {main}
  thrown en D:\wamp64\www\tugruero\wp-content\plugins\woo-doc\woo-doc.php en la línea 25

2019-07-09T20:23:04+00:00 CRITICAL Uncaught Error: Call to undefined method WC_Order_Item::get_version() in D:\wamp64\www\tugruero\wp-content\plugins\woocommerce\includes\data-stores\abstract-wc-order-data-store-cpt.php:122
Stack trace:
#0 D:\wamp64\www\tugruero\wp-content\plugins\woocommerce\includes\class-wc-data-store.php(159): Abstract_WC_Order_Data_Store_CPT->read(Object(WC_Order_Item))
#1 D:\wamp64\www\tugruero\wp-content\plugins\woocommerce\includes\class-wc-order-item.php(74): WC_Data_Store->read(Object(WC_Order_Item))
#2 D:\wamp64\www\tugruero\wp-content\plugins\woo-doc\woo-doc.php(25): WC_Order_Item->__construct('267')
#3 D:\wamp64\www\tugruero\wp-includes\class-wp-hook.php(286): lwc_get_opciones_de_admin('')
#4 D:\wamp64\www\tugruero\wp-includes\class-wp-hook.php(310): WP_Hook->apply_filters('', Array)
#5 D:\wamp64\www\tugruero\wp-includes\plugin.php(465): WP_Hook->do_action(Array)
#6 D:\wamp64\www\tugruero\wp-admin\admin.php(253): do_action('settings_page_l...')
#7 D:\wamp64\www\tugruero\wp-admin\options-general.php(10): require_on en D:\wamp64\www\tugruero\wp-content\plugins\woocommerce\includes\data-stores\abstract-wc-order-data-store-cpt.php en la línea 122

2019-07-09T20:25:03+00:00 CRITICAL Uncaught Error: Cannot use object of type stdClass as array in D:\wamp64\www\tugruero\wp-content\plugins\woo-doc\woo-doc.php:27
Stack trace:
#0 D:\wamp64\www\tugruero\wp-includes\class-wp-hook.php(286): lwc_get_opciones_de_admin('')
#1 D:\wamp64\www\tugruero\wp-includes\class-wp-hook.php(310): WP_Hook->apply_filters('', Array)
#2 D:\wamp64\www\tugruero\wp-includes\plugin.php(465): WP_Hook->do_action(Array)
#3 D:\wamp64\www\tugruero\wp-admin\admin.php(253): do_action('settings_page_l...')
#4 D:\wamp64\www\tugruero\wp-admin\options-general.php(10): require_once('D:\\wamp64\\www\\t...')
#5 {main}
  thrown en D:\wamp64\www\tugruero\wp-content\plugins\woo-doc\woo-doc.php en la línea 27

2019-07-09T20:25:25+00:00 CRITICAL Uncaught Error: Cannot use object of type stdClass as array in D:\wamp64\www\tugruero\wp-content\plugins\woo-doc\woo-doc.php:27
Stack trace:
#0 D:\wamp64\www\tugruero\wp-includes\class-wp-hook.php(286): lwc_get_opciones_de_admin('')
#1 D:\wamp64\www\tugruero\wp-includes\class-wp-hook.php(310): WP_Hook->apply_filters('', Array)
#2 D:\wamp64\www\tugruero\wp-includes\plugin.php(465): WP_Hook->do_action(Array)
#3 D:\wamp64\www\tugruero\wp-admin\admin.php(253): do_action('settings_page_l...')
#4 D:\wamp64\www\tugruero\wp-admin\options-general.php(10): require_once('D:\\wamp64\\www\\t...')
#5 {main}
  thrown en D:\wamp64\www\tugruero\wp-content\plugins\woo-doc\woo-doc.php en la línea 27

2019-07-09T20:25:31+00:00 CRITICAL Uncaught Error: Cannot use object of type stdClass as array in D:\wamp64\www\tugruero\wp-content\plugins\woo-doc\woo-doc.php:27
Stack trace:
#0 D:\wamp64\www\tugruero\wp-includes\class-wp-hook.php(286): lwc_get_opciones_de_admin('')
#1 D:\wamp64\www\tugruero\wp-includes\class-wp-hook.php(310): WP_Hook->apply_filters('', Array)
#2 D:\wamp64\www\tugruero\wp-includes\plugin.php(465): WP_Hook->do_action(Array)
#3 D:\wamp64\www\tugruero\wp-admin\admin.php(253): do_action('settings_page_l...')
#4 D:\wamp64\www\tugruero\wp-admin\options-general.php(10): require_once('D:\\wamp64\\www\\t...')
#5 {main}
  thrown en D:\wamp64\www\tugruero\wp-content\plugins\woo-doc\woo-doc.php en la línea 27

2019-07-09T20:25:40+00:00 CRITICAL Uncaught Error: Cannot use object of type stdClass as array in D:\wamp64\www\tugruero\wp-content\plugins\woo-doc\woo-doc.php:27
Stack trace:
#0 D:\wamp64\www\tugruero\wp-includes\class-wp-hook.php(286): lwc_get_opciones_de_admin('')
#1 D:\wamp64\www\tugruero\wp-includes\class-wp-hook.php(310): WP_Hook->apply_filters('', Array)
#2 D:\wamp64\www\tugruero\wp-includes\plugin.php(465): WP_Hook->do_action(Array)
#3 D:\wamp64\www\tugruero\wp-admin\admin.php(253): do_action('settings_page_l...')
#4 D:\wamp64\www\tugruero\wp-admin\options-general.php(10): require_once('D:\\wamp64\\www\\t...')
#5 {main}
  thrown en D:\wamp64\www\tugruero\wp-content\plugins\woo-doc\woo-doc.php en la línea 27

2019-07-09T20:25:50+00:00 CRITICAL Uncaught Error: Call to a member function data() on array in D:\wamp64\www\tugruero\wp-content\plugins\woo-doc\woo-doc.php:26
Stack trace:
#0 D:\wamp64\www\tugruero\wp-includes\class-wp-hook.php(286): lwc_get_opciones_de_admin('')
#1 D:\wamp64\www\tugruero\wp-includes\class-wp-hook.php(310): WP_Hook->apply_filters('', Array)
#2 D:\wamp64\www\tugruero\wp-includes\plugin.php(465): WP_Hook->do_action(Array)
#3 D:\wamp64\www\tugruero\wp-admin\admin.php(253): do_action('settings_page_l...')
#4 D:\wamp64\www\tugruero\wp-admin\options-general.php(10): require_once('D:\\wamp64\\www\\t...')
#5 {main}
  thrown en D:\wamp64\www\tugruero\wp-content\plugins\woo-doc\woo-doc.php en la línea 26

2019-07-09T20:25:56+00:00 CRITICAL Uncaught Error: Cannot use object of type stdClass as array in D:\wamp64\www\tugruero\wp-content\plugins\woo-doc\woo-doc.php:27
Stack trace:
#0 D:\wamp64\www\tugruero\wp-includes\class-wp-hook.php(286): lwc_get_opciones_de_admin('')
#1 D:\wamp64\www\tugruero\wp-includes\class-wp-hook.php(310): WP_Hook->apply_filters('', Array)
#2 D:\wamp64\www\tugruero\wp-includes\plugin.php(465): WP_Hook->do_action(Array)
#3 D:\wamp64\www\tugruero\wp-admin\admin.php(253): do_action('settings_page_l...')
#4 D:\wamp64\www\tugruero\wp-admin\options-general.php(10): require_once('D:\\wamp64\\www\\t...')
#5 {main}
  thrown en D:\wamp64\www\tugruero\wp-content\plugins\woo-doc\woo-doc.php en la línea 27

2019-07-09T20:26:17+00:00 CRITICAL Uncaught Error: Cannot use object of type stdClass as array in D:\wamp64\www\tugruero\wp-content\plugins\woo-doc\woo-doc.php:27
Stack trace:
#0 D:\wamp64\www\tugruero\wp-includes\class-wp-hook.php(286): lwc_get_opciones_de_admin('')
#1 D:\wamp64\www\tugruero\wp-includes\class-wp-hook.php(310): WP_Hook->apply_filters('', Array)
#2 D:\wamp64\www\tugruero\wp-includes\plugin.php(465): WP_Hook->do_action(Array)
#3 D:\wamp64\www\tugruero\wp-admin\admin.php(253): do_action('settings_page_l...')
#4 D:\wamp64\www\tugruero\wp-admin\options-general.php(10): require_once('D:\\wamp64\\www\\t...')
#5 {main}
  thrown en D:\wamp64\www\tugruero\wp-content\plugins\woo-doc\woo-doc.php en la línea 27

2019-07-09T20:26:23+00:00 CRITICAL Uncaught Error: Cannot use object of type stdClass as array in D:\wamp64\www\tugruero\wp-content\plugins\woo-doc\woo-doc.php:27
Stack trace:
#0 D:\wamp64\www\tugruero\wp-includes\class-wp-hook.php(286): lwc_get_opciones_de_admin('')
#1 D:\wamp64\www\tugruero\wp-includes\class-wp-hook.php(310): WP_Hook->apply_filters('', Array)
#2 D:\wamp64\www\tugruero\wp-includes\plugin.php(465): WP_Hook->do_action(Array)
#3 D:\wamp64\www\tugruero\wp-admin\admin.php(253): do_action('settings_page_l...')
#4 D:\wamp64\www\tugruero\wp-admin\options-general.php(10): require_once('D:\\wamp64\\www\\t...')
#5 {main}
  thrown en D:\wamp64\www\tugruero\wp-content\plugins\woo-doc\woo-doc.php en la línea 27

2019-07-09T20:27:07+00:00 CRITICAL Uncaught Error: Cannot access protected property WC_Order_Item_Product::$data in D:\wamp64\www\tugruero\wp-content\plugins\woo-doc\woo-doc.php:26
Stack trace:
#0 D:\wamp64\www\tugruero\wp-includes\class-wp-hook.php(286): lwc_get_opciones_de_admin('')
#1 D:\wamp64\www\tugruero\wp-includes\class-wp-hook.php(310): WP_Hook->apply_filters('', Array)
#2 D:\wamp64\www\tugruero\wp-includes\plugin.php(465): WP_Hook->do_action(Array)
#3 D:\wamp64\www\tugruero\wp-admin\admin.php(253): do_action('settings_page_l...')
#4 D:\wamp64\www\tugruero\wp-admin\options-general.php(10): require_once('D:\\wamp64\\www\\t...')
#5 {main}
  thrown en D:\wamp64\www\tugruero\wp-content\plugins\woo-doc\woo-doc.php en la línea 26

2019-07-09T20:27:45+00:00 CRITICAL Uncaught Error: Cannot use object of type stdClass as array in D:\wamp64\www\tugruero\wp-content\plugins\woo-doc\woo-doc.php:26
Stack trace:
#0 D:\wamp64\www\tugruero\wp-includes\class-wp-hook.php(286): lwc_get_opciones_de_admin('')
#1 D:\wamp64\www\tugruero\wp-includes\class-wp-hook.php(310): WP_Hook->apply_filters('', Array)
#2 D:\wamp64\www\tugruero\wp-includes\plugin.php(465): WP_Hook->do_action(Array)
#3 D:\wamp64\www\tugruero\wp-admin\admin.php(253): do_action('settings_page_l...')
#4 D:\wamp64\www\tugruero\wp-admin\options-general.php(10): require_once('D:\\wamp64\\www\\t...')
#5 {main}
  thrown en D:\wamp64\www\tugruero\wp-content\plugins\woo-doc\woo-doc.php en la línea 26

2019-07-09T20:27:52+00:00 CRITICAL Uncaught Error: Cannot use object of type stdClass as array in D:\wamp64\www\tugruero\wp-content\plugins\woo-doc\woo-doc.php:26
Stack trace:
#0 D:\wamp64\www\tugruero\wp-includes\class-wp-hook.php(286): lwc_get_opciones_de_admin('')
#1 D:\wamp64\www\tugruero\wp-includes\class-wp-hook.php(310): WP_Hook->apply_filters('', Array)
#2 D:\wamp64\www\tugruero\wp-includes\plugin.php(465): WP_Hook->do_action(Array)
#3 D:\wamp64\www\tugruero\wp-admin\admin.php(253): do_action('settings_page_l...')
#4 D:\wamp64\www\tugruero\wp-admin\options-general.php(10): require_once('D:\\wamp64\\www\\t...')
#5 {main}
  thrown en D:\wamp64\www\tugruero\wp-content\plugins\woo-doc\woo-doc.php en la línea 26

2019-07-09T20:30:28+00:00 CRITICAL Uncaught Error: Cannot use object of type stdClass as array in D:\wamp64\www\tugruero\wp-content\plugins\woo-doc\woo-doc.php:25
Stack trace:
#0 D:\wamp64\www\tugruero\wp-includes\class-wp-hook.php(286): lwc_get_opciones_de_admin('')
#1 D:\wamp64\www\tugruero\wp-includes\class-wp-hook.php(310): WP_Hook->apply_filters('', Array)
#2 D:\wamp64\www\tugruero\wp-includes\plugin.php(465): WP_Hook->do_action(Array)
#3 D:\wamp64\www\tugruero\wp-admin\admin.php(253): do_action('settings_page_l...')
#4 D:\wamp64\www\tugruero\wp-admin\options-general.php(10): require_once('D:\\wamp64\\www\\t...')
#5 {main}
  thrown en D:\wamp64\www\tugruero\wp-content\plugins\woo-doc\woo-doc.php en la línea 25

